TpTrace Verbose: 0 : 23380, 1, 2025/01/06, 17:35:05.722, 28447779317, vstest.console.dll, Version: 17.12.0-release-24508-01 Current process architecture: X64
TpTrace Verbose: 0 : 23380, 1, 2025/01/06, 17:35:05.724, 28447801113, vstest.console.dll, Runtime location: C:\Program Files\dotnet\shared\Microsoft.NETCore.App\9.0.0
TpTrace Verbose: 0 : 23380, 1, 2025/01/06, 17:35:05.725, 28447816768, vstest.console.dll, ArtifactProcessingPostProcessModeProcessorExecutor.Initialize: ArtifactProcessingMode.Collect
TpTrace Verbose: 0 : 23380, 1, 2025/01/06, 17:35:05.726, 28447817699, vstest.console.dll, TestSessionCorrelationIdProcessorModeProcessorExecutor.Initialize: TestSessionCorrelationId '24780_f7963f0e-b326-41eb-a7ff-438c3c6c2da2'
TpTrace Information: 0 : 23380, 1, 2025/01/06, 17:35:05.732, 28447886625, vstest.console.dll, FilePatternParser: The given file C:\Users\AbdMo\TestsLayers\bin\Debug\net8.0\fine-code-coverage\build-output\TestsLayers.dll is a full path.
TpTrace Verbose: 0 : 23380, 1, 2025/01/06, 17:35:05.735, 28447914771, vstest.console.dll, TestPluginCache.DiscoverTestExtensions: finding test extensions in assemblies ends with: RuntimeProvider.dll TPluginInfo: Microsoft.VisualStudio.TestPlatform.Common.ExtensionFramework.Utilities.TestRuntimePluginInformation TExtension: Microsoft.VisualStudio.TestPlatform.ObjectModel.Host.ITestRuntimeProvider
TpTrace Verbose: 0 : 23380, 1, 2025/01/06, 17:35:05.735, 28447916792, vstest.console.dll, TestPluginCache.GetExtensionPaths: Filtered extension paths: 
TpTrace Verbose: 0 : 23380, 1, 2025/01/06, 17:35:05.735, 28447917145, vstest.console.dll, TestPluginCache.GetExtensionPaths: Added default extension paths: C:\Program Files\dotnet\sdk\9.0.101\Extensions\Microsoft.Diagnostics.NETCore.Client.dll
C:\Program Files\dotnet\sdk\9.0.101\Extensions\Microsoft.TestPlatform.Extensions.BlameDataCollector.dll
C:\Program Files\dotnet\sdk\9.0.101\Extensions\Microsoft.TestPlatform.Extensions.EventLogCollector.dll
C:\Program Files\dotnet\sdk\9.0.101\Extensions\Microsoft.TestPlatform.TestHostRuntimeProvider.dll
C:\Program Files\dotnet\sdk\9.0.101\Extensions\Microsoft.VisualStudio.TestPlatform.Extensions.Html.TestLogger.dll
C:\Program Files\dotnet\sdk\9.0.101\Extensions\Microsoft.VisualStudio.TestPlatform.Extensions.Trx.TestLogger.dll
TpTrace Verbose: 0 : 23380, 1, 2025/01/06, 17:35:05.736, 28447917321, vstest.console.dll, TestPluginCache.GetExtensionPaths: Added unfilterableExtensionPaths: 
TpTrace Information: 0 : 23380, 1, 2025/01/06, 17:35:05.736, 28447920523, vstest.console.dll, AssemblyResolver.ctor: Creating AssemblyResolver with searchDirectories C:\Program Files\dotnet\sdk\9.0.101\Extensions,C:\Program Files\dotnet\sdk\9.0.101
TpTrace Verbose: 0 : 23380, 1, 2025/01/06, 17:35:05.737, 28447929719, vstest.console.dll, TestPluginCache.DiscoverTestExtensions: Discovering the extensions using extension path.
TpTrace Verbose: 0 : 23380, 1, 2025/01/06, 17:35:05.737, 28447930736, vstest.console.dll, TestPluginCache.GetExtensionPaths: Filtered extension paths: 
TpTrace Verbose: 0 : 23380, 1, 2025/01/06, 17:35:05.737, 28447930946, vstest.console.dll, TestPluginCache.GetExtensionPaths: Added default extension paths: C:\Program Files\dotnet\sdk\9.0.101\Extensions\Microsoft.Diagnostics.NETCore.Client.dll
C:\Program Files\dotnet\sdk\9.0.101\Extensions\Microsoft.TestPlatform.Extensions.BlameDataCollector.dll
C:\Program Files\dotnet\sdk\9.0.101\Extensions\Microsoft.TestPlatform.Extensions.EventLogCollector.dll
C:\Program Files\dotnet\sdk\9.0.101\Extensions\Microsoft.TestPlatform.TestHostRuntimeProvider.dll
C:\Program Files\dotnet\sdk\9.0.101\Extensions\Microsoft.VisualStudio.TestPlatform.Extensions.Html.TestLogger.dll
C:\Program Files\dotnet\sdk\9.0.101\Extensions\Microsoft.VisualStudio.TestPlatform.Extensions.Trx.TestLogger.dll
TpTrace Verbose: 0 : 23380, 1, 2025/01/06, 17:35:05.737, 28447931107, vstest.console.dll, TestPluginCache.GetExtensionPaths: Added unfilterableExtensionPaths: 
TpTrace Verbose: 0 : 23380, 1, 2025/01/06, 17:35:05.737, 28447931381, vstest.console.dll, TestPluginCache.DiscoverTestExtensions: Discovering the extensions using allExtensionPaths: C:\Program Files\dotnet\sdk\9.0.101\Extensions\Microsoft.Diagnostics.NETCore.Client.dll
C:\Program Files\dotnet\sdk\9.0.101\Extensions\Microsoft.TestPlatform.Extensions.BlameDataCollector.dll
C:\Program Files\dotnet\sdk\9.0.101\Extensions\Microsoft.TestPlatform.Extensions.EventLogCollector.dll
C:\Program Files\dotnet\sdk\9.0.101\Extensions\Microsoft.TestPlatform.TestHostRuntimeProvider.dll
C:\Program Files\dotnet\sdk\9.0.101\Extensions\Microsoft.VisualStudio.TestPlatform.Extensions.Html.TestLogger.dll
C:\Program Files\dotnet\sdk\9.0.101\Extensions\Microsoft.VisualStudio.TestPlatform.Extensions.Trx.TestLogger.dll
TpTrace Information: 0 : 23380, 1, 2025/01/06, 17:35:05.737, 28447932313, vstest.console.dll, AssemblyResolver.AddSearchDirectories: Adding more searchDirectories C:\Program Files\dotnet\sdk\9.0.101\Extensions,C:\Program Files\dotnet\sdk\9.0.101
TpTrace Information: 0 : 23380, 1, 2025/01/06, 17:35:05.737, 28447932576, vstest.console.dll, AssemblyResolver.AddSearchDirectories: Adding more searchDirectories C:\Program Files\dotnet\sdk\9.0.101\Extensions,C:\Program Files\dotnet\sdk\9.0.101
TpTrace Information: 0 : 23380, 1, 2025/01/06, 17:35:05.737, 28447932699, vstest.console.dll, AssemblyResolver.AddSearchDirectories: Adding more searchDirectories C:\Program Files\dotnet\sdk\9.0.101\Extensions,C:\Program Files\dotnet\sdk\9.0.101
TpTrace Information: 0 : 23380, 1, 2025/01/06, 17:35:05.737, 28447932839, vstest.console.dll, AssemblyResolver.AddSearchDirectories: Adding more searchDirectories C:\Program Files\dotnet\sdk\9.0.101\Extensions,C:\Program Files\dotnet\sdk\9.0.101
TpTrace Information: 0 : 23380, 1, 2025/01/06, 17:35:05.737, 28447932953, vstest.console.dll, AssemblyResolver.AddSearchDirectories: Adding more searchDirectories C:\Program Files\dotnet\sdk\9.0.101\Extensions,C:\Program Files\dotnet\sdk\9.0.101
TpTrace Information: 0 : 23380, 1, 2025/01/06, 17:35:05.737, 28447933065, vstest.console.dll, AssemblyResolver.AddSearchDirectories: Adding more searchDirectories C:\Program Files\dotnet\sdk\9.0.101\Extensions,C:\Program Files\dotnet\sdk\9.0.101
TpTrace Information: 0 : 23380, 1, 2025/01/06, 17:35:05.737, 28447936280, vstest.console.dll, AssemblyResolver.OnResolve: Microsoft.Diagnostics.NETCore.Client: Resolving assembly.
TpTrace Information: 0 : 23380, 1, 2025/01/06, 17:35:05.737, 28447936773, vstest.console.dll, AssemblyResolver.OnResolve: Microsoft.Diagnostics.NETCore.Client: Searching in: 'C:\Program Files\dotnet\sdk\9.0.101\Extensions'.
TpTrace Information: 0 : 23380, 1, 2025/01/06, 17:35:05.746, 28448018908, vstest.console.dll, AssemblyResolver.OnResolve: Microsoft.Diagnostics.NETCore.Client: Loading assembly 'C:\Program Files\dotnet\sdk\9.0.101\Extensions\Microsoft.Diagnostics.NETCore.Client.dll'.
TpTrace Information: 0 : 23380, 1, 2025/01/06, 17:35:05.746, 28448023436, vstest.console.dll, AssemblyResolver.OnResolve: Resolved assembly: Microsoft.Diagnostics.NETCore.Client, from path: C:\Program Files\dotnet\sdk\9.0.101\Extensions\Microsoft.Diagnostics.NETCore.Client.dll
TpTrace Verbose: 0 : 23380, 1, 2025/01/06, 17:35:05.747, 28448029689, vstest.console.dll, MetadataReaderExtensionsHelper: Discovering extensions inside assembly 'Microsoft.Diagnostics.NETCore.Client, Version=0.2.10.41601, Culture=neutral, PublicKeyToken=31bf3856ad364e35' file path 'C:\Program Files\dotnet\sdk\9.0.101\Extensions\Microsoft.Diagnostics.NETCore.Client.dll'
TpTrace Information: 0 : 23380, 1, 2025/01/06, 17:35:05.749, 28448052511, vstest.console.dll, AssemblyResolver.OnResolve: Microsoft.Bcl.AsyncInterfaces: Resolving assembly.
TpTrace Information: 0 : 23380, 1, 2025/01/06, 17:35:05.749, 28448053102, vstest.console.dll, AssemblyResolver.OnResolve: Microsoft.Bcl.AsyncInterfaces: Searching in: 'C:\Program Files\dotnet\sdk\9.0.101\Extensions'.
TpTrace Information: 0 : 23380, 1, 2025/01/06, 17:35:05.749, 28448053559, vstest.console.dll, AssemblyResolver.OnResolve: Microsoft.Bcl.AsyncInterfaces: Assembly path does not exist: 'C:\Program Files\dotnet\sdk\9.0.101\Extensions\Microsoft.Bcl.AsyncInterfaces.dll', returning.
TpTrace Information: 0 : 23380, 1, 2025/01/06, 17:35:05.749, 28448054231, vstest.console.dll, AssemblyResolver.OnResolve: Microsoft.Bcl.AsyncInterfaces: Assembly path does not exist: 'C:\Program Files\dotnet\sdk\9.0.101\Extensions\Microsoft.Bcl.AsyncInterfaces.exe', returning.
TpTrace Information: 0 : 23380, 1, 2025/01/06, 17:35:05.749, 28448054388, vstest.console.dll, AssemblyResolver.OnResolve: Microsoft.Bcl.AsyncInterfaces: Searching in: 'C:\Program Files\dotnet\sdk\9.0.101'.
TpTrace Information: 0 : 23380, 1, 2025/01/06, 17:35:05.749, 28448054665, vstest.console.dll, AssemblyResolver.OnResolve: Microsoft.Bcl.AsyncInterfaces: Assembly path does not exist: 'C:\Program Files\dotnet\sdk\9.0.101\Microsoft.Bcl.AsyncInterfaces.dll', returning.
TpTrace Information: 0 : 23380, 1, 2025/01/06, 17:35:05.749, 28448054931, vstest.console.dll, AssemblyResolver.OnResolve: Microsoft.Bcl.AsyncInterfaces: Assembly path does not exist: 'C:\Program Files\dotnet\sdk\9.0.101\Microsoft.Bcl.AsyncInterfaces.exe', returning.
TpTrace Information: 0 : 23380, 1, 2025/01/06, 17:35:05.749, 28448055042, vstest.console.dll, AssemblyResolver.OnResolve: Microsoft.Bcl.AsyncInterfaces: Failed to load assembly.
TpTrace Verbose: 0 : 23380, 1, 2025/01/06, 17:35:05.749, 28448055219, vstest.console.dll, CurrentDomainAssemblyResolve: Resolving assembly 'Microsoft.Bcl.AsyncInterfaces'.
TpTrace Information: 0 : 23380, 1, 2025/01/06, 17:35:05.749, 28448055506, vstest.console.dll, AssemblyResolver.OnResolve: Microsoft.Bcl.AsyncInterfaces: Resolving assembly.
TpTrace Information: 0 : 23380, 1, 2025/01/06, 17:35:05.749, 28448055653, vstest.console.dll, AssemblyResolver.OnResolve: Microsoft.Bcl.AsyncInterfaces: Resolved from cache.
TpTrace Verbose: 0 : 23380, 1, 2025/01/06, 17:35:05.749, 28448055799, vstest.console.dll, CurrentDomainAssemblyResolve: Resolving assembly 'Microsoft.Bcl.AsyncInterfaces'.
TpTrace Verbose: 0 : 23380, 1, 2025/01/06, 17:35:05.749, 28448055973, vstest.console.dll, CurrentDomainAssemblyResolve: Failed to resolve assembly 'Microsoft.Bcl.AsyncInterfaces'.
TpTrace Verbose: 0 : 23380, 1, 2025/01/06, 17:35:05.750, 28448060210, vstest.console.dll, CurrentDomainAssemblyResolve: Failed to resolve assembly 'Microsoft.Bcl.AsyncInterfaces'.
TpTrace Warning: 0 : 23380, 1, 2025/01/06, 17:35:05.756, 28448122949, vstest.console.dll, TestPluginDiscoverer: Failed to get types from assembly 'Microsoft.Diagnostics.NETCore.Client, Version=0.2.10.41601, Culture=neutral, PublicKeyToken=31bf3856ad364e35'. Error: System.Reflection.ReflectionTypeLoadException: Unable to load one or more of the requested types.
Could not load file or assembly 'Microsoft.Bcl.AsyncInterfaces, Version=6.0.0.0, Culture=neutral, PublicKeyToken=cc7b13ffcd2ddd51'. Det går inte att hitta filen.
   at System.Reflection.RuntimeModule.GetDefinedTypes()
   at System.Reflection.RuntimeModule.GetTypes()
   at Microsoft.VisualStudio.TestPlatform.Common.ExtensionFramework.TestPluginDiscoverer.GetTestExtensionsFromAssembly[TPluginInfo,TExtension](Assembly assembly, Dictionary`2 pluginInfos, String filePath) in /_/src/Microsoft.TestPlatform.Common/ExtensionFramework/TestPluginDiscoverer.cs:line 159
System.IO.FileNotFoundException: Could not load file or assembly 'Microsoft.Bcl.AsyncInterfaces, Version=6.0.0.0, Culture=neutral, PublicKeyToken=cc7b13ffcd2ddd51'. Det går inte att hitta filen.
File name: 'Microsoft.Bcl.AsyncInterfaces, Version=6.0.0.0, Culture=neutral, PublicKeyToken=cc7b13ffcd2ddd51'
 ---> System.IO.FileNotFoundException: Could not load file or assembly 'Microsoft.Bcl.AsyncInterfaces, Culture=neutral, PublicKeyToken=null'. Det går inte att hitta filen.
File name: 'Microsoft.Bcl.AsyncInterfaces, Culture=neutral, PublicKeyToken=null'
   at System.Reflection.RuntimeAssembly.InternalLoad(AssemblyName assemblyName, StackCrawlMark& stackMark, AssemblyLoadContext assemblyLoadContext, RuntimeAssembly requestingAssembly, Boolean throwOnFileNotFound)
   at System.Reflection.Assembly.Load(AssemblyName assemblyRef)
   at Microsoft.VisualStudio.TestPlatform.Common.ExtensionFramework.TestPluginCache.CurrentDomainAssemblyResolve(Object sender, AssemblyResolveEventArgs args) in /_/src/Microsoft.TestPlatform.Common/ExtensionFramework/TestPluginCache.cs:line 514
   at System.Runtime.Loader.AssemblyLoadContext.GetFirstResolvedAssemblyFromResolvingEvent(AssemblyName assemblyName)
   at System.Runtime.Loader.AssemblyLoadContext.ResolveUsingEvent(AssemblyName assemblyName)
   at System.Runtime.Loader.AssemblyLoadContext.ResolveUsingResolvingEvent(IntPtr gchManagedAssemblyLoadContext, AssemblyName assemblyName)
TpTrace Warning: 0 : 23380, 1, 2025/01/06, 17:35:05.756, 28448125047, vstest.console.dll, LoaderExceptions: System.IO.FileNotFoundException: Could not load file or assembly 'Microsoft.Bcl.AsyncInterfaces, Version=6.0.0.0, Culture=neutral, PublicKeyToken=cc7b13ffcd2ddd51'. Det går inte att hitta filen.
File name: 'Microsoft.Bcl.AsyncInterfaces, Version=6.0.0.0, Culture=neutral, PublicKeyToken=cc7b13ffcd2ddd51'
 ---> System.IO.FileNotFoundException: Could not load file or assembly 'Microsoft.Bcl.AsyncInterfaces, Culture=neutral, PublicKeyToken=null'. Det går inte att hitta filen.
File name: 'Microsoft.Bcl.AsyncInterfaces, Culture=neutral, PublicKeyToken=null'
   at System.Reflection.RuntimeAssembly.InternalLoad(AssemblyName assemblyName, StackCrawlMark& stackMark, AssemblyLoadContext assemblyLoadContext, RuntimeAssembly requestingAssembly, Boolean throwOnFileNotFound)
   at System.Reflection.Assembly.Load(AssemblyName assemblyRef)
   at Microsoft.VisualStudio.TestPlatform.Common.ExtensionFramework.TestPluginCache.CurrentDomainAssemblyResolve(Object sender, AssemblyResolveEventArgs args) in /_/src/Microsoft.TestPlatform.Common/ExtensionFramework/TestPluginCache.cs:line 514
   at System.Runtime.Loader.AssemblyLoadContext.GetFirstResolvedAssemblyFromResolvingEvent(AssemblyName assemblyName)
   at System.Runtime.Loader.AssemblyLoadContext.ResolveUsingEvent(AssemblyName assemblyName)
   at System.Runtime.Loader.AssemblyLoadContext.ResolveUsingResolvingEvent(IntPtr gchManagedAssemblyLoadContext, AssemblyName assemblyName)
TpTrace Information: 0 : 23380, 1, 2025/01/06, 17:35:05.756, 28448125838, vstest.console.dll, AssemblyResolver.OnResolve: Microsoft.TestPlatform.Extensions.BlameDataCollector: Resolving assembly.
TpTrace Information: 0 : 23380, 1, 2025/01/06, 17:35:05.756, 28448126108, vstest.console.dll, AssemblyResolver.OnResolve: Microsoft.TestPlatform.Extensions.BlameDataCollector: Searching in: 'C:\Program Files\dotnet\sdk\9.0.101\Extensions'.
TpTrace Information: 0 : 23380, 1, 2025/01/06, 17:35:05.757, 28448128185, vstest.console.dll, AssemblyResolver.OnResolve: Microsoft.TestPlatform.Extensions.BlameDataCollector: Loading assembly 'C:\Program Files\dotnet\sdk\9.0.101\Extensions\Microsoft.TestPlatform.Extensions.BlameDataCollector.dll'.
TpTrace Information: 0 : 23380, 1, 2025/01/06, 17:35:05.757, 28448131857, vstest.console.dll, AssemblyResolver.OnResolve: Resolved assembly: Microsoft.TestPlatform.Extensions.BlameDataCollector, from path: C:\Program Files\dotnet\sdk\9.0.101\Extensions\Microsoft.TestPlatform.Extensions.BlameDataCollector.dll
TpTrace Verbose: 0 : 23380, 1, 2025/01/06, 17:35:05.757, 28448132398, vstest.console.dll, MetadataReaderExtensionsHelper: Discovering extensions inside assembly 'Microsoft.TestPlatform.Extensions.BlameDataCollector, Version=15.0.0.0, Culture=neutral, PublicKeyToken=b03f5f7f11d50a3a' file path 'C:\Program Files\dotnet\sdk\9.0.101\Extensions\Microsoft.TestPlatform.Extensions.BlameDataCollector.dll'
TpTrace Information: 0 : 23380, 1, 2025/01/06, 17:35:05.758, 28448142232, vstest.console.dll, AssemblyResolver.OnResolve: Microsoft.TestPlatform.Extensions.EventLogCollector: Resolving assembly.
TpTrace Information: 0 : 23380, 1, 2025/01/06, 17:35:05.758, 28448143530, vstest.console.dll, AssemblyResolver.OnResolve: Microsoft.TestPlatform.Extensions.EventLogCollector: Searching in: 'C:\Program Files\dotnet\sdk\9.0.101\Extensions'.
TpTrace Information: 0 : 23380, 1, 2025/01/06, 17:35:05.758, 28448146877, vstest.console.dll, AssemblyResolver.OnResolve: Microsoft.TestPlatform.Extensions.EventLogCollector: Loading assembly 'C:\Program Files\dotnet\sdk\9.0.101\Extensions\Microsoft.TestPlatform.Extensions.EventLogCollector.dll'.
TpTrace Information: 0 : 23380, 1, 2025/01/06, 17:35:05.759, 28448156412, vstest.console.dll, AssemblyResolver.OnResolve: Resolved assembly: Microsoft.TestPlatform.Extensions.EventLogCollector, from path: C:\Program Files\dotnet\sdk\9.0.101\Extensions\Microsoft.TestPlatform.Extensions.EventLogCollector.dll
TpTrace Verbose: 0 : 23380, 1, 2025/01/06, 17:35:05.760, 28448158051, vstest.console.dll, MetadataReaderExtensionsHelper: Discovering extensions inside assembly 'Microsoft.TestPlatform.Extensions.EventLogCollector, Version=15.0.0.0, Culture=neutral, PublicKeyToken=b03f5f7f11d50a3a' file path 'C:\Program Files\dotnet\sdk\9.0.101\Extensions\Microsoft.TestPlatform.Extensions.EventLogCollector.dll'
TpTrace Information: 0 : 23380, 1, 2025/01/06, 17:35:05.761, 28448177189, vstest.console.dll, AssemblyResolver.OnResolve: Microsoft.TestPlatform.TestHostRuntimeProvider: Resolving assembly.
TpTrace Information: 0 : 23380, 1, 2025/01/06, 17:35:05.762, 28448178021, vstest.console.dll, AssemblyResolver.OnResolve: Microsoft.TestPlatform.TestHostRuntimeProvider: Searching in: 'C:\Program Files\dotnet\sdk\9.0.101\Extensions'.
TpTrace Information: 0 : 23380, 1, 2025/01/06, 17:35:05.762, 28448180939, vstest.console.dll, AssemblyResolver.OnResolve: Microsoft.TestPlatform.TestHostRuntimeProvider: Loading assembly 'C:\Program Files\dotnet\sdk\9.0.101\Extensions\Microsoft.TestPlatform.TestHostRuntimeProvider.dll'.
TpTrace Information: 0 : 23380, 1, 2025/01/06, 17:35:05.762, 28448185997, vstest.console.dll, AssemblyResolver.OnResolve: Resolved assembly: Microsoft.TestPlatform.TestHostRuntimeProvider, from path: C:\Program Files\dotnet\sdk\9.0.101\Extensions\Microsoft.TestPlatform.TestHostRuntimeProvider.dll
TpTrace Verbose: 0 : 23380, 1, 2025/01/06, 17:35:05.762, 28448186980, vstest.console.dll, MetadataReaderExtensionsHelper: Discovering extensions inside assembly 'Microsoft.TestPlatform.TestHostRuntimeProvider, Version=15.0.0.0, Culture=neutral, PublicKeyToken=b03f5f7f11d50a3a' file path 'C:\Program Files\dotnet\sdk\9.0.101\Extensions\Microsoft.TestPlatform.TestHostRuntimeProvider.dll'
TpTrace Information: 0 : 23380, 1, 2025/01/06, 17:35:05.764, 28448203721, vstest.console.dll, GetTestExtensionFromType: Register extension with identifier data 'HostProvider://DefaultTestHost' and type 'Microsoft.VisualStudio.TestPlatform.CrossPlatEngine.Hosting.DefaultTestHostManager, Microsoft.TestPlatform.TestHostRuntimeProvider, Version=15.0.0.0, Culture=neutral, PublicKeyToken=b03f5f7f11d50a3a' inside file 'C:\Program Files\dotnet\sdk\9.0.101\Extensions\Microsoft.TestPlatform.TestHostRuntimeProvider.dll'
TpTrace Information: 0 : 23380, 1, 2025/01/06, 17:35:05.764, 28448207112, vstest.console.dll, GetTestExtensionFromType: Register extension with identifier data 'HostProvider://DotnetTestHost' and type 'Microsoft.VisualStudio.TestPlatform.CrossPlatEngine.Hosting.DotnetTestHostManager, Microsoft.TestPlatform.TestHostRuntimeProvider, Version=15.0.0.0, Culture=neutral, PublicKeyToken=b03f5f7f11d50a3a' inside file 'C:\Program Files\dotnet\sdk\9.0.101\Extensions\Microsoft.TestPlatform.TestHostRuntimeProvider.dll'
TpTrace Information: 0 : 23380, 1, 2025/01/06, 17:35:05.765, 28448208026, vstest.console.dll, AssemblyResolver.OnResolve: Microsoft.VisualStudio.TestPlatform.Extensions.Html.TestLogger: Resolving assembly.
TpTrace Information: 0 : 23380, 1, 2025/01/06, 17:35:05.765, 28448208427, vstest.console.dll, AssemblyResolver.OnResolve: Microsoft.VisualStudio.TestPlatform.Extensions.Html.TestLogger: Searching in: 'C:\Program Files\dotnet\sdk\9.0.101\Extensions'.
TpTrace Information: 0 : 23380, 1, 2025/01/06, 17:35:05.765, 28448212518, vstest.console.dll, AssemblyResolver.OnResolve: Microsoft.VisualStudio.TestPlatform.Extensions.Html.TestLogger: Loading assembly 'C:\Program Files\dotnet\sdk\9.0.101\Extensions\Microsoft.VisualStudio.TestPlatform.Extensions.Html.TestLogger.dll'.
TpTrace Information: 0 : 23380, 1, 2025/01/06, 17:35:05.766, 28448217887, vstest.console.dll, AssemblyResolver.OnResolve: Resolved assembly: Microsoft.VisualStudio.TestPlatform.Extensions.Html.TestLogger, from path: C:\Program Files\dotnet\sdk\9.0.101\Extensions\Microsoft.VisualStudio.TestPlatform.Extensions.Html.TestLogger.dll
TpTrace Verbose: 0 : 23380, 1, 2025/01/06, 17:35:05.766, 28448218602, vstest.console.dll, MetadataReaderExtensionsHelper: Discovering extensions inside assembly 'Microsoft.VisualStudio.TestPlatform.Extensions.Html.TestLogger, Version=15.0.0.0, Culture=neutral, PublicKeyToken=b03f5f7f11d50a3a' file path 'C:\Program Files\dotnet\sdk\9.0.101\Extensions\Microsoft.VisualStudio.TestPlatform.Extensions.Html.TestLogger.dll'
TpTrace Information: 0 : 23380, 1, 2025/01/06, 17:35:05.766, 28448225059, vstest.console.dll, AssemblyResolver.OnResolve: Microsoft.VisualStudio.TestPlatform.Extensions.Trx.TestLogger: Resolving assembly.
TpTrace Information: 0 : 23380, 1, 2025/01/06, 17:35:05.766, 28448225676, vstest.console.dll, AssemblyResolver.OnResolve: Microsoft.VisualStudio.TestPlatform.Extensions.Trx.TestLogger: Searching in: 'C:\Program Files\dotnet\sdk\9.0.101\Extensions'.
TpTrace Information: 0 : 23380, 1, 2025/01/06, 17:35:05.767, 28448227824, vstest.console.dll, AssemblyResolver.OnResolve: Microsoft.VisualStudio.TestPlatform.Extensions.Trx.TestLogger: Loading assembly 'C:\Program Files\dotnet\sdk\9.0.101\Extensions\Microsoft.VisualStudio.TestPlatform.Extensions.Trx.TestLogger.dll'.
TpTrace Information: 0 : 23380, 1, 2025/01/06, 17:35:05.767, 28448232325, vstest.console.dll, AssemblyResolver.OnResolve: Resolved assembly: Microsoft.VisualStudio.TestPlatform.Extensions.Trx.TestLogger, from path: C:\Program Files\dotnet\sdk\9.0.101\Extensions\Microsoft.VisualStudio.TestPlatform.Extensions.Trx.TestLogger.dll
TpTrace Verbose: 0 : 23380, 1, 2025/01/06, 17:35:05.767, 28448232908, vstest.console.dll, MetadataReaderExtensionsHelper: Discovering extensions inside assembly 'Microsoft.VisualStudio.TestPlatform.Extensions.Trx.TestLogger, Version=15.0.0.0, Culture=neutral, PublicKeyToken=b03f5f7f11d50a3a' file path 'C:\Program Files\dotnet\sdk\9.0.101\Extensions\Microsoft.VisualStudio.TestPlatform.Extensions.Trx.TestLogger.dll'
TpTrace Verbose: 0 : 23380, 1, 2025/01/06, 17:35:05.768, 28448240694, vstest.console.dll, TestPluginCache: Discovered the extensions using extension path ''.
TpTrace Verbose: 0 : 23380, 1, 2025/01/06, 17:35:05.768, 28448241377, vstest.console.dll, TestPluginCache: Discoverers are ''.
TpTrace Verbose: 0 : 23380, 1, 2025/01/06, 17:35:05.768, 28448241513, vstest.console.dll, TestPluginCache: Executors are ''.
TpTrace Verbose: 0 : 23380, 1, 2025/01/06, 17:35:05.768, 28448241624, vstest.console.dll, TestPluginCache: Executors2 are ''.
TpTrace Verbose: 0 : 23380, 1, 2025/01/06, 17:35:05.768, 28448241732, vstest.console.dll, TestPluginCache: Setting providers are ''.
TpTrace Verbose: 0 : 23380, 1, 2025/01/06, 17:35:05.768, 28448241833, vstest.console.dll, TestPluginCache: Loggers are ''.
TpTrace Verbose: 0 : 23380, 1, 2025/01/06, 17:35:05.768, 28448243030, vstest.console.dll, TestPluginCache: TestHosts are 'HostProvider://DefaultTestHost,HostProvider://DotnetTestHost'.
TpTrace Verbose: 0 : 23380, 1, 2025/01/06, 17:35:05.768, 28448243195, vstest.console.dll, TestPluginCache: DataCollectors are ''.
TpTrace Information: 0 : 23380, 1, 2025/01/06, 17:35:05.778, 28448342938, vstest.console.dll, RunTestsArgumentProcessor:Execute: Test run is starting.
TpTrace Verbose: 0 : 23380, 1, 2025/01/06, 17:35:05.778, 28448343875, vstest.console.dll, RunTestsArgumentProcessor:Execute: Queuing Test run.
TpTrace Information: 0 : 23380, 1, 2025/01/06, 17:35:05.778, 28448345505, vstest.console.dll, TestRequestManager.RunTests: run tests started.
TpTrace Information: 0 : 23380, 1, 2025/01/06, 17:35:05.779, 28448354914, vstest.console.dll, AssemblyMetadataProvider.GetFrameworkName: Determined framework:'.NETCoreApp,Version=v8.0' for source: 'C:\Users\AbdMo\TestsLayers\bin\Debug\net8.0\fine-code-coverage\build-output\TestsLayers.dll'
TpTrace Information: 0 : 23380, 1, 2025/01/06, 17:35:05.779, 28448356327, vstest.console.dll, Determined framework for all sources: .NETCoreApp,Version=v8.0
TpTrace Verbose: 0 : 23380, 1, 2025/01/06, 17:35:05.780, 28448358880, vstest.console.dll, TestRequestManager.UpdateRunSettingsIfRequired: Default architecture: X64 IsDefaultTargetArchitecture: True, Current process architecture: X64 OperatingSystem: Windows.
TpTrace Information: 0 : 23380, 1, 2025/01/06, 17:35:05.781, 28448370662, vstest.console.dll, AssemblyMetadataProvider.GetArchitecture: Determined architecture:AnyCPU info for assembly: C:\Users\AbdMo\TestsLayers\bin\Debug\net8.0\fine-code-coverage\build-output\TestsLayers.dll
TpTrace Information: 0 : 23380, 1, 2025/01/06, 17:35:05.781, 28448371212, vstest.console.dll, Determined platform for source 'C:\Users\AbdMo\TestsLayers\bin\Debug\net8.0\fine-code-coverage\build-output\TestsLayers.dll' was AnyCPU and it will use the default plaform X64.
TpTrace Information: 0 : 23380, 1, 2025/01/06, 17:35:05.781, 28448371356, vstest.console.dll, None of the sources provided any runnable platform, using the default platform: X64
TpTrace Information: 0 : 23380, 1, 2025/01/06, 17:35:05.781, 28448372043, vstest.console.dll, Platform was updated to 'X64'.
TpTrace Information: 0 : 23380, 1, 2025/01/06, 17:35:05.783, 28448393226, vstest.console.dll, InferRunSettingsHelper.IsTestSettingsEnabled: Unable to navigate to RunSettings/MSTest. Current node: RunSettings
TpTrace Information: 0 : 23380, 1, 2025/01/06, 17:35:05.784, 28448398413, vstest.console.dll, AssemblyResolver.OnResolve: Microsoft.VisualStudio.TestPlatform.Fakes: Resolving assembly.
TpTrace Information: 0 : 23380, 1, 2025/01/06, 17:35:05.784, 28448399109, vstest.console.dll, AssemblyResolver.OnResolve: Microsoft.VisualStudio.TestPlatform.Fakes: Searching in: 'C:\Program Files\dotnet\sdk\9.0.101\Extensions'.
TpTrace Information: 0 : 23380, 1, 2025/01/06, 17:35:05.784, 28448399785, vstest.console.dll, AssemblyResolver.OnResolve: Microsoft.VisualStudio.TestPlatform.Fakes: Assembly path does not exist: 'C:\Program Files\dotnet\sdk\9.0.101\Extensions\Microsoft.VisualStudio.TestPlatform.Fakes.dll', returning.
TpTrace Information: 0 : 23380, 1, 2025/01/06, 17:35:05.784, 28448400038, vstest.console.dll, AssemblyResolver.OnResolve: Microsoft.VisualStudio.TestPlatform.Fakes: Assembly path does not exist: 'C:\Program Files\dotnet\sdk\9.0.101\Extensions\Microsoft.VisualStudio.TestPlatform.Fakes.exe', returning.
TpTrace Information: 0 : 23380, 1, 2025/01/06, 17:35:05.784, 28448400156, vstest.console.dll, AssemblyResolver.OnResolve: Microsoft.VisualStudio.TestPlatform.Fakes: Searching in: 'C:\Program Files\dotnet\sdk\9.0.101'.
TpTrace Information: 0 : 23380, 1, 2025/01/06, 17:35:05.784, 28448400430, vstest.console.dll, AssemblyResolver.OnResolve: Microsoft.VisualStudio.TestPlatform.Fakes: Assembly path does not exist: 'C:\Program Files\dotnet\sdk\9.0.101\Microsoft.VisualStudio.TestPlatform.Fakes.dll', returning.
TpTrace Information: 0 : 23380, 1, 2025/01/06, 17:35:05.784, 28448400680, vstest.console.dll, AssemblyResolver.OnResolve: Microsoft.VisualStudio.TestPlatform.Fakes: Assembly path does not exist: 'C:\Program Files\dotnet\sdk\9.0.101\Microsoft.VisualStudio.TestPlatform.Fakes.exe', returning.
TpTrace Information: 0 : 23380, 1, 2025/01/06, 17:35:05.784, 28448400794, vstest.console.dll, AssemblyResolver.OnResolve: Microsoft.VisualStudio.TestPlatform.Fakes: Failed to load assembly.
TpTrace Information: 0 : 23380, 1, 2025/01/06, 17:35:05.784, 28448402586, vstest.console.dll, Failed to load assembly Microsoft.VisualStudio.TestPlatform.Fakes, Version=17.0.0.0, Culture=neutral. Reason:System.IO.FileNotFoundException: Could not load file or assembly 'Microsoft.VisualStudio.TestPlatform.Fakes, Version=17.0.0.0, Culture=neutral, PublicKeyToken=null'. Det går inte att hitta filen.
File name: 'Microsoft.VisualStudio.TestPlatform.Fakes, Version=17.0.0.0, Culture=neutral, PublicKeyToken=null'
   at System.Reflection.RuntimeAssembly.InternalLoad(AssemblyName assemblyName, StackCrawlMark& stackMark, AssemblyLoadContext assemblyLoadContext, RuntimeAssembly requestingAssembly, Boolean throwOnFileNotFound)
   at System.Reflection.Assembly.Load(AssemblyName assemblyRef)
   at Microsoft.VisualStudio.TestPlatform.Common.Utilities.FakesUtilities.LoadTestPlatformAssembly() in /_/src/Microsoft.TestPlatform.Common/Utilities/FakesUtilities.cs:line 273
TpTrace Verbose: 0 : 23380, 1, 2025/01/06, 17:35:05.787, 28448436403, vstest.console.dll, TestPluginCache.DiscoverTestExtensions: finding test extensions in assemblies ends with: TestLogger.dll TPluginInfo: Microsoft.VisualStudio.TestPlatform.Common.ExtensionFramework.Utilities.TestLoggerPluginInformation TExtension: Microsoft.VisualStudio.TestPlatform.ObjectModel.Client.ITestLogger
TpTrace Verbose: 0 : 23380, 1, 2025/01/06, 17:35:05.787, 28448437284, vstest.console.dll, TestPluginCache.GetExtensionPaths: Filtered extension paths: 
TpTrace Verbose: 0 : 23380, 1, 2025/01/06, 17:35:05.788, 28448437495, vstest.console.dll, TestPluginCache.GetExtensionPaths: Added default extension paths: C:\Program Files\dotnet\sdk\9.0.101\Extensions\Microsoft.Diagnostics.NETCore.Client.dll
C:\Program Files\dotnet\sdk\9.0.101\Extensions\Microsoft.TestPlatform.Extensions.BlameDataCollector.dll
C:\Program Files\dotnet\sdk\9.0.101\Extensions\Microsoft.TestPlatform.Extensions.EventLogCollector.dll
C:\Program Files\dotnet\sdk\9.0.101\Extensions\Microsoft.TestPlatform.TestHostRuntimeProvider.dll
C:\Program Files\dotnet\sdk\9.0.101\Extensions\Microsoft.VisualStudio.TestPlatform.Extensions.Html.TestLogger.dll
C:\Program Files\dotnet\sdk\9.0.101\Extensions\Microsoft.VisualStudio.TestPlatform.Extensions.Trx.TestLogger.dll
TpTrace Verbose: 0 : 23380, 1, 2025/01/06, 17:35:05.788, 28448437618, vstest.console.dll, TestPluginCache.GetExtensionPaths: Added unfilterableExtensionPaths: 
TpTrace Information: 0 : 23380, 1, 2025/01/06, 17:35:05.788, 28448438464, vstest.console.dll, AssemblyResolver.AddSearchDirectories: Adding more searchDirectories C:\Program Files\dotnet\sdk\9.0.101\Extensions,C:\Program Files\dotnet\sdk\9.0.101
TpTrace Verbose: 0 : 23380, 1, 2025/01/06, 17:35:05.788, 28448438689, vstest.console.dll, TestPluginCache.DiscoverTestExtensions: Discovering the extensions using extension path.
TpTrace Verbose: 0 : 23380, 1, 2025/01/06, 17:35:05.788, 28448438923, vstest.console.dll, TestPluginCache.GetExtensionPaths: Filtered extension paths: 
TpTrace Verbose: 0 : 23380, 1, 2025/01/06, 17:35:05.788, 28448439067, vstest.console.dll, TestPluginCache.GetExtensionPaths: Added default extension paths: C:\Program Files\dotnet\sdk\9.0.101\Extensions\Microsoft.Diagnostics.NETCore.Client.dll
C:\Program Files\dotnet\sdk\9.0.101\Extensions\Microsoft.TestPlatform.Extensions.BlameDataCollector.dll
C:\Program Files\dotnet\sdk\9.0.101\Extensions\Microsoft.TestPlatform.Extensions.EventLogCollector.dll
C:\Program Files\dotnet\sdk\9.0.101\Extensions\Microsoft.TestPlatform.TestHostRuntimeProvider.dll
C:\Program Files\dotnet\sdk\9.0.101\Extensions\Microsoft.VisualStudio.TestPlatform.Extensions.Html.TestLogger.dll
C:\Program Files\dotnet\sdk\9.0.101\Extensions\Microsoft.VisualStudio.TestPlatform.Extensions.Trx.TestLogger.dll
TpTrace Verbose: 0 : 23380, 1, 2025/01/06, 17:35:05.788, 28448439185, vstest.console.dll, TestPluginCache.GetExtensionPaths: Added unfilterableExtensionPaths: 
TpTrace Verbose: 0 : 23380, 1, 2025/01/06, 17:35:05.788, 28448439454, vstest.console.dll, TestPluginCache.DiscoverTestExtensions: Discovering the extensions using allExtensionPaths: C:\Program Files\dotnet\sdk\9.0.101\Extensions\Microsoft.Diagnostics.NETCore.Client.dll
C:\Program Files\dotnet\sdk\9.0.101\Extensions\Microsoft.TestPlatform.Extensions.BlameDataCollector.dll
C:\Program Files\dotnet\sdk\9.0.101\Extensions\Microsoft.TestPlatform.Extensions.EventLogCollector.dll
C:\Program Files\dotnet\sdk\9.0.101\Extensions\Microsoft.TestPlatform.TestHostRuntimeProvider.dll
C:\Program Files\dotnet\sdk\9.0.101\Extensions\Microsoft.VisualStudio.TestPlatform.Extensions.Html.TestLogger.dll
C:\Program Files\dotnet\sdk\9.0.101\Extensions\Microsoft.VisualStudio.TestPlatform.Extensions.Trx.TestLogger.dll
TpTrace Information: 0 : 23380, 1, 2025/01/06, 17:35:05.788, 28448440044, vstest.console.dll, AssemblyResolver.AddSearchDirectories: Adding more searchDirectories C:\Program Files\dotnet\sdk\9.0.101\Extensions,C:\Program Files\dotnet\sdk\9.0.101
TpTrace Information: 0 : 23380, 1, 2025/01/06, 17:35:05.788, 28448440228, vstest.console.dll, AssemblyResolver.AddSearchDirectories: Adding more searchDirectories C:\Program Files\dotnet\sdk\9.0.101\Extensions,C:\Program Files\dotnet\sdk\9.0.101
TpTrace Information: 0 : 23380, 1, 2025/01/06, 17:35:05.788, 28448440351, vstest.console.dll, AssemblyResolver.AddSearchDirectories: Adding more searchDirectories C:\Program Files\dotnet\sdk\9.0.101\Extensions,C:\Program Files\dotnet\sdk\9.0.101
TpTrace Information: 0 : 23380, 1, 2025/01/06, 17:35:05.788, 28448440462, vstest.console.dll, AssemblyResolver.AddSearchDirectories: Adding more searchDirectories C:\Program Files\dotnet\sdk\9.0.101\Extensions,C:\Program Files\dotnet\sdk\9.0.101
TpTrace Information: 0 : 23380, 1, 2025/01/06, 17:35:05.788, 28448440573, vstest.console.dll, AssemblyResolver.AddSearchDirectories: Adding more searchDirectories C:\Program Files\dotnet\sdk\9.0.101\Extensions,C:\Program Files\dotnet\sdk\9.0.101
TpTrace Information: 0 : 23380, 1, 2025/01/06, 17:35:05.788, 28448440711, vstest.console.dll, AssemblyResolver.AddSearchDirectories: Adding more searchDirectories C:\Program Files\dotnet\sdk\9.0.101\Extensions,C:\Program Files\dotnet\sdk\9.0.101
TpTrace Verbose: 0 : 23380, 1, 2025/01/06, 17:35:05.788, 28448441434, vstest.console.dll, MetadataReaderExtensionsHelper: Discovering extensions inside assembly 'Microsoft.Diagnostics.NETCore.Client, Version=0.2.10.41601, Culture=neutral, PublicKeyToken=31bf3856ad364e35' file path 'C:\Program Files\dotnet\sdk\9.0.101\Extensions\Microsoft.Diagnostics.NETCore.Client.dll'
TpTrace Information: 0 : 23380, 1, 2025/01/06, 17:35:05.789, 28448449701, vstest.console.dll, AssemblyResolver.OnResolve: Microsoft.Bcl.AsyncInterfaces: Resolving assembly.
TpTrace Information: 0 : 23380, 1, 2025/01/06, 17:35:05.789, 28448450495, vstest.console.dll, AssemblyResolver.OnResolve: Microsoft.Bcl.AsyncInterfaces: Resolved from cache.
TpTrace Verbose: 0 : 23380, 1, 2025/01/06, 17:35:05.789, 28448450727, vstest.console.dll, CurrentDomainAssemblyResolve: Resolving assembly 'Microsoft.Bcl.AsyncInterfaces'.
TpTrace Information: 0 : 23380, 1, 2025/01/06, 17:35:05.789, 28448451189, vstest.console.dll, AssemblyResolver.OnResolve: Microsoft.Bcl.AsyncInterfaces: Resolving assembly.
TpTrace Information: 0 : 23380, 1, 2025/01/06, 17:35:05.789, 28448451368, vstest.console.dll, AssemblyResolver.OnResolve: Microsoft.Bcl.AsyncInterfaces: Resolved from cache.
TpTrace Verbose: 0 : 23380, 1, 2025/01/06, 17:35:05.789, 28448451528, vstest.console.dll, CurrentDomainAssemblyResolve: Resolving assembly 'Microsoft.Bcl.AsyncInterfaces'.
TpTrace Verbose: 0 : 23380, 1, 2025/01/06, 17:35:05.789, 28448451692, vstest.console.dll, CurrentDomainAssemblyResolve: Failed to resolve assembly 'Microsoft.Bcl.AsyncInterfaces'.
TpTrace Verbose: 0 : 23380, 1, 2025/01/06, 17:35:05.789, 28448452908, vstest.console.dll, CurrentDomainAssemblyResolve: Failed to resolve assembly 'Microsoft.Bcl.AsyncInterfaces'.
TpTrace Warning: 0 : 23380, 1, 2025/01/06, 17:35:05.789, 28448455826, vstest.console.dll, TestPluginDiscoverer: Failed to get types from assembly 'Microsoft.Diagnostics.NETCore.Client, Version=0.2.10.41601, Culture=neutral, PublicKeyToken=31bf3856ad364e35'. Error: System.Reflection.ReflectionTypeLoadException: Unable to load one or more of the requested types.
Could not load file or assembly 'Microsoft.Bcl.AsyncInterfaces, Version=6.0.0.0, Culture=neutral, PublicKeyToken=cc7b13ffcd2ddd51'. Det går inte att hitta filen.
   at System.Reflection.RuntimeModule.GetDefinedTypes()
   at System.Reflection.RuntimeModule.GetTypes()
   at Microsoft.VisualStudio.TestPlatform.Common.ExtensionFramework.TestPluginDiscoverer.GetTestExtensionsFromAssembly[TPluginInfo,TExtension](Assembly assembly, Dictionary`2 pluginInfos, String filePath) in /_/src/Microsoft.TestPlatform.Common/ExtensionFramework/TestPluginDiscoverer.cs:line 159
System.IO.FileNotFoundException: Could not load file or assembly 'Microsoft.Bcl.AsyncInterfaces, Version=6.0.0.0, Culture=neutral, PublicKeyToken=cc7b13ffcd2ddd51'. Det går inte att hitta filen.
File name: 'Microsoft.Bcl.AsyncInterfaces, Version=6.0.0.0, Culture=neutral, PublicKeyToken=cc7b13ffcd2ddd51'
 ---> System.IO.FileNotFoundException: Could not load file or assembly 'Microsoft.Bcl.AsyncInterfaces, Culture=neutral, PublicKeyToken=null'. Det går inte att hitta filen.
File name: 'Microsoft.Bcl.AsyncInterfaces, Culture=neutral, PublicKeyToken=null'
   at System.Reflection.RuntimeAssembly.InternalLoad(AssemblyName assemblyName, StackCrawlMark& stackMark, AssemblyLoadContext assemblyLoadContext, RuntimeAssembly requestingAssembly, Boolean throwOnFileNotFound)
   at System.Reflection.Assembly.Load(AssemblyName assemblyRef)
   at Microsoft.VisualStudio.TestPlatform.Common.ExtensionFramework.TestPluginCache.CurrentDomainAssemblyResolve(Object sender, AssemblyResolveEventArgs args) in /_/src/Microsoft.TestPlatform.Common/ExtensionFramework/TestPluginCache.cs:line 514
   at System.Runtime.Loader.AssemblyLoadContext.GetFirstResolvedAssemblyFromResolvingEvent(AssemblyName assemblyName)
   at System.Runtime.Loader.AssemblyLoadContext.ResolveUsingEvent(AssemblyName assemblyName)
   at System.Runtime.Loader.AssemblyLoadContext.ResolveUsingResolvingEvent(IntPtr gchManagedAssemblyLoadContext, AssemblyName assemblyName)
TpTrace Warning: 0 : 23380, 1, 2025/01/06, 17:35:05.790, 28448457349, vstest.console.dll, LoaderExceptions: System.IO.FileNotFoundException: Could not load file or assembly 'Microsoft.Bcl.AsyncInterfaces, Version=6.0.0.0, Culture=neutral, PublicKeyToken=cc7b13ffcd2ddd51'. Det går inte att hitta filen.
File name: 'Microsoft.Bcl.AsyncInterfaces, Version=6.0.0.0, Culture=neutral, PublicKeyToken=cc7b13ffcd2ddd51'
 ---> System.IO.FileNotFoundException: Could not load file or assembly 'Microsoft.Bcl.AsyncInterfaces, Culture=neutral, PublicKeyToken=null'. Det går inte att hitta filen.
File name: 'Microsoft.Bcl.AsyncInterfaces, Culture=neutral, PublicKeyToken=null'
   at System.Reflection.RuntimeAssembly.InternalLoad(AssemblyName assemblyName, StackCrawlMark& stackMark, AssemblyLoadContext assemblyLoadContext, RuntimeAssembly requestingAssembly, Boolean throwOnFileNotFound)
   at System.Reflection.Assembly.Load(AssemblyName assemblyRef)
   at Microsoft.VisualStudio.TestPlatform.Common.ExtensionFramework.TestPluginCache.CurrentDomainAssemblyResolve(Object sender, AssemblyResolveEventArgs args) in /_/src/Microsoft.TestPlatform.Common/ExtensionFramework/TestPluginCache.cs:line 514
   at System.Runtime.Loader.AssemblyLoadContext.GetFirstResolvedAssemblyFromResolvingEvent(AssemblyName assemblyName)
   at System.Runtime.Loader.AssemblyLoadContext.ResolveUsingEvent(AssemblyName assemblyName)
   at System.Runtime.Loader.AssemblyLoadContext.ResolveUsingResolvingEvent(IntPtr gchManagedAssemblyLoadContext, AssemblyName assemblyName)
TpTrace Verbose: 0 : 23380, 1, 2025/01/06, 17:35:05.790, 28448458062, vstest.console.dll, MetadataReaderExtensionsHelper: Discovering extensions inside assembly 'Microsoft.TestPlatform.Extensions.BlameDataCollector, Version=15.0.0.0, Culture=neutral, PublicKeyToken=b03f5f7f11d50a3a' file path 'C:\Program Files\dotnet\sdk\9.0.101\Extensions\Microsoft.TestPlatform.Extensions.BlameDataCollector.dll'
TpTrace Information: 0 : 23380, 1, 2025/01/06, 17:35:05.790, 28448463133, vstest.console.dll, GetTestExtensionFromType: Register extension with identifier data 'logger://Microsoft/TestPlatform/Extensions/Blame/v1' and type 'Microsoft.TestPlatform.Extensions.BlameDataCollector.BlameLogger, Microsoft.TestPlatform.Extensions.BlameDataCollector, Version=15.0.0.0, Culture=neutral, PublicKeyToken=b03f5f7f11d50a3a' inside file 'C:\Program Files\dotnet\sdk\9.0.101\Extensions\Microsoft.TestPlatform.Extensions.BlameDataCollector.dll'
TpTrace Verbose: 0 : 23380, 1, 2025/01/06, 17:35:05.790, 28448463959, vstest.console.dll, MetadataReaderExtensionsHelper: Discovering extensions inside assembly 'Microsoft.TestPlatform.Extensions.EventLogCollector, Version=15.0.0.0, Culture=neutral, PublicKeyToken=b03f5f7f11d50a3a' file path 'C:\Program Files\dotnet\sdk\9.0.101\Extensions\Microsoft.TestPlatform.Extensions.EventLogCollector.dll'
TpTrace Verbose: 0 : 23380, 1, 2025/01/06, 17:35:05.790, 28448467020, vstest.console.dll, MetadataReaderExtensionsHelper: Discovering extensions inside assembly 'Microsoft.TestPlatform.TestHostRuntimeProvider, Version=15.0.0.0, Culture=neutral, PublicKeyToken=b03f5f7f11d50a3a' file path 'C:\Program Files\dotnet\sdk\9.0.101\Extensions\Microsoft.TestPlatform.TestHostRuntimeProvider.dll'
TpTrace Verbose: 0 : 23380, 1, 2025/01/06, 17:35:05.791, 28448469581, vstest.console.dll, MetadataReaderExtensionsHelper: Discovering extensions inside assembly 'Microsoft.VisualStudio.TestPlatform.Extensions.Html.TestLogger, Version=15.0.0.0, Culture=neutral, PublicKeyToken=b03f5f7f11d50a3a' file path 'C:\Program Files\dotnet\sdk\9.0.101\Extensions\Microsoft.VisualStudio.TestPlatform.Extensions.Html.TestLogger.dll'
TpTrace Information: 0 : 23380, 1, 2025/01/06, 17:35:05.791, 28448474507, vstest.console.dll, GetTestExtensionFromType: Register extension with identifier data 'logger://Microsoft/TestPlatform/HtmlLogger/v1' and type 'Microsoft.VisualStudio.TestPlatform.Extensions.HtmlLogger.HtmlLogger, Microsoft.VisualStudio.TestPlatform.Extensions.Html.TestLogger, Version=15.0.0.0, Culture=neutral, PublicKeyToken=b03f5f7f11d50a3a' inside file 'C:\Program Files\dotnet\sdk\9.0.101\Extensions\Microsoft.VisualStudio.TestPlatform.Extensions.Html.TestLogger.dll'
TpTrace Verbose: 0 : 23380, 1, 2025/01/06, 17:35:05.791, 28448475221, vstest.console.dll, MetadataReaderExtensionsHelper: Discovering extensions inside assembly 'Microsoft.VisualStudio.TestPlatform.Extensions.Trx.TestLogger, Version=15.0.0.0, Culture=neutral, PublicKeyToken=b03f5f7f11d50a3a' file path 'C:\Program Files\dotnet\sdk\9.0.101\Extensions\Microsoft.VisualStudio.TestPlatform.Extensions.Trx.TestLogger.dll'
TpTrace Information: 0 : 23380, 1, 2025/01/06, 17:35:05.792, 28448478302, vstest.console.dll, GetTestExtensionFromType: Register extension with identifier data 'logger://Microsoft/TestPlatform/TrxLogger/v1' and type 'Microsoft.VisualStudio.TestPlatform.Extensions.TrxLogger.TrxLogger, Microsoft.VisualStudio.TestPlatform.Extensions.Trx.TestLogger, Version=15.0.0.0, Culture=neutral, PublicKeyToken=b03f5f7f11d50a3a' inside file 'C:\Program Files\dotnet\sdk\9.0.101\Extensions\Microsoft.VisualStudio.TestPlatform.Extensions.Trx.TestLogger.dll'
TpTrace Verbose: 0 : 23380, 1, 2025/01/06, 17:35:05.792, 28448478988, vstest.console.dll, TestPluginCache: Discovered the extensions using extension path ''.
TpTrace Verbose: 0 : 23380, 1, 2025/01/06, 17:35:05.792, 28448479312, vstest.console.dll, TestPluginCache: Discoverers are ''.
TpTrace Verbose: 0 : 23380, 1, 2025/01/06, 17:35:05.792, 28448479493, vstest.console.dll, TestPluginCache: Executors are ''.
TpTrace Verbose: 0 : 23380, 1, 2025/01/06, 17:35:05.792, 28448479658, vstest.console.dll, TestPluginCache: Executors2 are ''.
TpTrace Verbose: 0 : 23380, 1, 2025/01/06, 17:35:05.792, 28448479808, vstest.console.dll, TestPluginCache: Setting providers are ''.
TpTrace Verbose: 0 : 23380, 1, 2025/01/06, 17:35:05.792, 28448480474, vstest.console.dll, TestPluginCache: Loggers are 'logger://Microsoft/TestPlatform/Extensions/Blame/v1,logger://Microsoft/TestPlatform/HtmlLogger/v1,logger://Microsoft/TestPlatform/TrxLogger/v1'.
TpTrace Verbose: 0 : 23380, 1, 2025/01/06, 17:35:05.792, 28448480851, vstest.console.dll, TestPluginCache: TestHosts are 'HostProvider://DefaultTestHost,HostProvider://DotnetTestHost'.
TpTrace Verbose: 0 : 23380, 1, 2025/01/06, 17:35:05.792, 28448481077, vstest.console.dll, TestPluginCache: DataCollectors are ''.
TpTrace Information: 0 : 23380, 1, 2025/01/06, 17:35:05.793, 28448490257, vstest.console.dll, TestPluginManager.CreateTestExtension: Attempting to load test extension: Microsoft.TestPlatform.Extensions.BlameDataCollector.BlameLogger
TpTrace Verbose: 0 : 23380, 1, 2025/01/06, 17:35:05.798, 28448545538, vstest.console.dll, TestEngine: Initializing Parallel Execution as MaxCpuCount is set to: 1
TpTrace Information: 0 : 23380, 1, 2025/01/06, 17:35:05.799, 28448555387, vstest.console.dll, TestPluginManager.CreateTestExtension: Attempting to load test extension: Microsoft.VisualStudio.TestPlatform.CrossPlatEngine.Hosting.DefaultTestHostManager
TpTrace Information: 0 : 23380, 1, 2025/01/06, 17:35:05.800, 28448561915, vstest.console.dll, TestPluginManager.CreateTestExtension: Attempting to load test extension: Microsoft.VisualStudio.TestPlatform.CrossPlatEngine.Hosting.DotnetTestHostManager
TpTrace Verbose: 0 : 23380, 1, 2025/01/06, 17:35:05.800, 28448563611, vstest.console.dll, TestHostManagerCallbacks.ctor: Forwarding output is enabled.
TpTrace Information: 0 : 23380, 1, 2025/01/06, 17:35:05.800, 28448566242, vstest.console.dll, InferRunSettingsHelper.IsTestSettingsEnabled: Unable to navigate to RunSettings/MSTest. Current node: RunSettings
TpTrace Verbose: 0 : 23380, 1, 2025/01/06, 17:35:05.801, 28448569566, vstest.console.dll, ParallelOperationManager.ClearSlots: Clearing all slots. Slots should accept more work: True
TpTrace Verbose: 0 : 23380, 1, 2025/01/06, 17:35:05.801, 28448572873, vstest.console.dll, ParallelOperationManager.SetOccupiedSlotCount: Setting slot counts AvailableSlotCount = 1, OccupiedSlotCount = 0.
TpTrace Verbose: 0 : 23380, 1, 2025/01/06, 17:35:05.801, 28448575114, vstest.console.dll, Occupied slots:

TpTrace Verbose: 0 : 23380, 1, 2025/01/06, 17:35:05.803, 28448595722, vstest.console.dll, TestEngine.GetExecutionManager: Chosen execution manager 'Microsoft.VisualStudio.TestPlatform.CrossPlatEngine.Client.Parallel.ParallelProxyExecutionManager, Microsoft.TestPlatform.CrossPlatEngine, Version=15.0.0.0, Culture=neutral, PublicKeyToken=b03f5f7f11d50a3a' ParallelLevel '1'.
TpTrace Verbose: 0 : 23380, 1, 2025/01/06, 17:35:05.803, 28448597239, vstest.console.dll, TestPlatform.GetSkipDefaultAdapters: Not skipping default adapters SkipDefaultAdapters was false.
TpTrace Verbose: 0 : 23380, 1, 2025/01/06, 17:35:05.804, 28448597812, vstest.console.dll, TestRunRequest.ExecuteAsync: Creating test run request.
TpTrace Verbose: 0 : 23380, 1, 2025/01/06, 17:35:05.804, 28448599545, vstest.console.dll, TestRunRequest.ExecuteAsync: Starting.
TpTrace Information: 0 : 23380, 1, 2025/01/06, 17:35:05.804, 28448606323, vstest.console.dll, TestRunRequest.ExecuteAsync: Starting run with settings:TestRunCriteria:
   KeepAlive=False,FrequencyOfRunStatsChangeEvent=10,RunStatsChangeEventTimeout=00:00:01.5000000,TestCaseFilter=,TestExecutorLauncher=
   Settingsxml=<RunSettings>
  <RunConfiguration>
    <ResultsDirectory>C:\Users\AbdMo\TestsLayers\bin\Debug\net8.0\fine-code-coverage\coverage-tool-output</ResultsDirectory>
    <TargetPlatform>X64</TargetPlatform>
    <TargetFrameworkVersion>.NETCoreApp,Version=v8.0</TargetFrameworkVersion>
    <DesignMode>False</DesignMode>
    <CollectSourceInformation>False</CollectSourceInformation>
  </RunConfiguration>
  <LoggerRunSettings>
    <Loggers>
      <Logger friendlyName="blame" enabled="True" />
      <Logger friendlyName="Console" uri="logger://microsoft/TestPlatform/ConsoleLogger/v1" assemblyQualifiedName="Microsoft.VisualStudio.TestPlatform.CommandLine.Internal.ConsoleLogger, vstest.console, Version=15.0.0.0, Culture=neutral, PublicKeyToken=b03f5f7f11d50a3a" codeBase="C:\Program Files\dotnet\sdk\9.0.101\vstest.console.dll" enabled="True" />
    </Loggers>
  </LoggerRunSettings>
  <DataCollectionRunSettings>
    <DataCollectors>
      <DataCollector friendlyName="blame" enabled="True">
        <Configuration>
          <ResultsDirectory>C:\Users\AbdMo\TestsLayers\bin\Debug\net8.0\fine-code-coverage\coverage-tool-output</ResultsDirectory>
        </Configuration>
      </DataCollector>
    </DataCollectors>
  </DataCollectionRunSettings>
</RunSettings>

TpTrace Verbose: 0 : 23380, 1, 2025/01/06, 17:35:05.804, 28448606731, vstest.console.dll, TestRunRequest.ExecuteAsync: Wait for the first run request is over.
TpTrace Verbose: 0 : 23380, 1, 2025/01/06, 17:35:05.805, 28448608537, vstest.console.dll, MulticastDelegateUtilities.SafeInvoke: TestRun.TestRunStart: Invoking callbacks was skipped because there are no subscribers.
TpTrace Verbose: 0 : 23380, 4, 2025/01/06, 17:35:05.805, 28448610491, vstest.console.dll, MulticastDelegateUtilities.SafeInvoke: InternalTestLoggerEvents.SendTestRunStart: Invoking callback 1/1 for Microsoft.VisualStudio.TestPlatform.CommandLine.Internal.ConsoleLogger., took 0 ms.
TpTrace Verbose: 0 : 23380, 1, 2025/01/06, 17:35:05.805, 28448615401, vstest.console.dll, ParallelProxyExecutionManager: Start execution. Total sources: 1
TpTrace Verbose: 0 : 23380, 1, 2025/01/06, 17:35:05.806, 28448617454, vstest.console.dll, ParallelOperationManager.StartWork: Starting adding 1 workloads.
TpTrace Verbose: 0 : 23380, 1, 2025/01/06, 17:35:05.806, 28448617825, vstest.console.dll, ParallelOperationManager.ClearSlots: Clearing all slots. Slots should accept more work: True
TpTrace Verbose: 0 : 23380, 1, 2025/01/06, 17:35:05.806, 28448618193, vstest.console.dll, ParallelOperationManager.SetOccupiedSlotCount: Setting slot counts AvailableSlotCount = 1, OccupiedSlotCount = 0.
TpTrace Verbose: 0 : 23380, 1, 2025/01/06, 17:35:05.806, 28448618391, vstest.console.dll, Occupied slots:

TpTrace Verbose: 0 : 23380, 1, 2025/01/06, 17:35:05.806, 28448626005, vstest.console.dll, TestHostManagerCallbacks.ctor: Forwarding output is enabled.
TpTrace Verbose: 0 : 23380, 1, 2025/01/06, 17:35:05.807, 28448627559, vstest.console.dll, TestRequestSender is acting as server.
TpTrace Verbose: 0 : 23380, 1, 2025/01/06, 17:35:05.807, 28448634825, vstest.console.dll, ParallelOperationManager.RunWorkInParallel: Adding 1 workload to slot, remaining workloads 0.
TpTrace Verbose: 0 : 23380, 1, 2025/01/06, 17:35:05.807, 28448635250, vstest.console.dll, ParallelOperationManager.SetOccupiedSlotCount: Setting slot counts AvailableSlotCount = 0, OccupiedSlotCount = 1.
TpTrace Verbose: 0 : 23380, 1, 2025/01/06, 17:35:05.807, 28448635835, vstest.console.dll, Occupied slots:
0: C:\Users\AbdMo\TestsLayers\bin\Debug\net8.0\fine-code-coverage\build-output\TestsLayers.dll
TpTrace Verbose: 0 : 23380, 1, 2025/01/06, 17:35:05.808, 28448644066, vstest.console.dll, ParallelOperationManager.RunWorkInParallel: Started host in slot number 0 for work (source): C:\Users\AbdMo\TestsLayers\bin\Debug\net8.0\fine-code-coverage\build-output\TestsLayers.dll.
TpTrace Verbose: 0 : 23380, 5, 2025/01/06, 17:35:05.809, 28448652072, vstest.console.dll, ParallelProxyExecutionManager.StartTestRunOnConcurrentManager: Initializing uninitialized client. Started clients: 0
TpTrace Verbose: 0 : 23380, 1, 2025/01/06, 17:35:05.809, 28448652875, vstest.console.dll, ParallelOperationManager.RunWorkInParallel: We started 1 work items, which is the max parallel level. Won't start more work.
TpTrace Verbose: 0 : 23380, 5, 2025/01/06, 17:35:05.809, 28448653159, vstest.console.dll, DataCollectionRequestSender.InitializeCommunication : Initialize communication. 
TpTrace Verbose: 0 : 23380, 1, 2025/01/06, 17:35:05.809, 28448653264, vstest.console.dll, ParallelOperationManager.RunWorkInParallel: We started 1 work items in here, returning True.
TpTrace Information: 0 : 23380, 1, 2025/01/06, 17:35:05.809, 28448653681, vstest.console.dll, TestRunRequest.ExecuteAsync: Started.
TpTrace Verbose: 0 : 23380, 1, 2025/01/06, 17:35:05.809, 28448657040, vstest.console.dll, TestRunRequest.WaitForCompletion: Waiting with timeout -1.
TpTrace Information: 0 : 23380, 5, 2025/01/06, 17:35:05.815, 28448711153, vstest.console.dll, Listening on Endpoint : 127.0.0.1:50396
TpTrace Verbose: 0 : 23380, 5, 2025/01/06, 17:35:05.820, 28448767107, vstest.console.dll, DotnetDataCollectionLauncher: Adding  --runtimeconfig "C:\Program Files\dotnet\sdk\9.0.101\datacollector.runtimeconfig.json" in args
TpTrace Verbose: 0 : 23380, 5, 2025/01/06, 17:35:05.821, 28448768177, vstest.console.dll, DotnetDataCollectionLauncher: Adding  --depsfile "C:\Program Files\dotnet\sdk\9.0.101\datacollector.deps.json" in args
TpTrace Verbose: 0 : 23380, 5, 2025/01/06, 17:35:05.821, 28448769397, vstest.console.dll, DotnetDataCollectionLauncher: Full path of dotnet.exe is C:\Program Files\dotnet\dotnet.exe
TpTrace Information: 0 : 23380, 5, 2025/01/06, 17:35:05.830, 28448866720, vstest.console.dll, ProxyDataCollectionManager.Initialize: Launched datacollector processId: 19236 port: 50396
TpTrace Information: 0 : 23380, 5, 2025/01/06, 17:35:05.831, 28448867805, vstest.console.dll, ProxyDataCollectionManager.Initialize: waiting for connection with timeout: 90 seconds
TpTrace Verbose: 0 : 23380, 5, 2025/01/06, 17:35:05.831, 28448868138, vstest.console.dll, DataCollectionRequestSender.WaitForRequestHandlerConnection : Waiting for connection with timeout: 90000
TpTrace Information: 0 : 23380, 9, 2025/01/06, 17:35:05.937, 28449933333, vstest.console.dll, Using the buffer size of 16384 bytes
TpTrace Verbose: 0 : 23380, 5, 2025/01/06, 17:35:05.937, 28449933768, vstest.console.dll, SocketCommunicationManager.WaitForClientConnection took: 106 ms, with 90000 ms timeout, and finished with True.
TpTrace Information: 0 : 23380, 9, 2025/01/06, 17:35:05.937, 28449934363, vstest.console.dll, Accepted Client request and set the flag
TpTrace Verbose: 0 : 23380, 5, 2025/01/06, 17:35:05.937, 28449935651, vstest.console.dll, ProxyDataCollectionManager.InvokeDataCollectionServiceAction: Starting.
TpTrace Information: 0 : 23380, 5, 2025/01/06, 17:35:05.937, 28449936136, vstest.console.dll, ProxyDataCollectionManager.BeforeTestRunStart: Get environment variable and port for datacollector processId: 19236 port: 50396
TpTrace Verbose: 0 : 23380, 5, 2025/01/06, 17:35:05.937, 28449936711, vstest.console.dll, DataCollectionRequestSender.SendBeforeTestRunStartAndGetResult: Send BeforeTestRunStart message with settingsXml <RunSettings><RunConfiguration><ResultsDirectory>C:\Users\AbdMo\TestsLayers\bin\Debug\net8.0\fine-code-coverage\coverage-tool-output</ResultsDirectory><TargetPlatform>X64</TargetPlatform><TargetFrameworkVersion>.NETCoreApp,Version=v8.0</TargetFrameworkVersion><DesignMode>False</DesignMode><CollectSourceInformation>False</CollectSourceInformation><TestAdaptersPaths>C:\Program Files\dotnet\sdk\9.0.101\Extensions</TestAdaptersPaths></RunConfiguration><LoggerRunSettings><Loggers><Logger friendlyName="blame" enabled="True" /><Logger friendlyName="Console" uri="logger://microsoft/TestPlatform/ConsoleLogger/v1" assemblyQualifiedName="Microsoft.VisualStudio.TestPlatform.CommandLine.Internal.ConsoleLogger, vstest.console, Version=15.0.0.0, Culture=neutral, PublicKeyToken=b03f5f7f11d50a3a" codeBase="C:\Program Files\dotnet\sdk\9.0.101\vstest.console.dll" enabled="True" /></Loggers></LoggerRunSettings><DataCollectionRunSettings><DataCollectors><DataCollector friendlyName="blame" enabled="True"><Configuration><ResultsDirectory>C:\Users\AbdMo\TestsLayers\bin\Debug\net8.0\fine-code-coverage\coverage-tool-output</ResultsDirectory></Configuration></DataCollector></DataCollectors></DataCollectionRunSettings></RunSettings> and sources System.Collections.Generic.List`1[System.String]: 
TpTrace Verbose: 0 : 23380, 5, 2025/01/06, 17:35:05.972, 28450282900, vstest.console.dll, DataCollectionRequestSender.SendBeforeTestRunStartAndGetResult: Received message: (DataCollection.SendMessage) -> {"MessageType":"DataCollection.SendMessage","Payload":{"FriendlyName":null,"Uri":null,"TestCaseId":"00000000-0000-0000-0000-000000000000","Message":"Logging DataCollector Diagnostics in file: C:\\Users\\AbdMo\\TestsLayers\\bin\\Debug\\net8.0\\fine-code-coverage\\coverage-tool-output\\diagnostics.datacollector.25-01-06_17-35-05_82081_5.log","Level":0}}
TpTrace Verbose: 0 : 23380, 5, 2025/01/06, 17:35:06.029, 28450853165, vstest.console.dll, DataCollectionRequestSender.SendBeforeTestRunStartAndGetResult: Received message: (DataCollection.BeforeTestRunStartResult) -> {"MessageType":"DataCollection.BeforeTestRunStartResult","Payload":{"EnvironmentVariables":{},"DataCollectionEventsPort":50398}}
TpTrace Information: 0 : 23380, 5, 2025/01/06, 17:35:06.032, 28450881501, vstest.console.dll, ProxyDataCollectionManager.BeforeTestRunStart: SendBeforeTestRunStartAndGetResult successful, env variable from datacollector:   and testhost port: 50398
TpTrace Information: 0 : 23380, 5, 2025/01/06, 17:35:06.032, 28450882322, vstest.console.dll, ProxyDataCollectionManager.InvokeDataCollectionServiceAction: Completed.
TpTrace Verbose: 0 : 23380, 5, 2025/01/06, 17:35:06.032, 28450882573, vstest.console.dll, ParallelProxyExecutionManager.StartTestRunOnConcurrentManager: Initializing test run. Started clients: 0
TpTrace Verbose: 0 : 23380, 5, 2025/01/06, 17:35:06.032, 28450883113, vstest.console.dll, ProxyExecutionManager: Test host is always Lazy initialize.
TpTrace Verbose: 0 : 23380, 5, 2025/01/06, 17:35:06.032, 28450884463, vstest.console.dll, TestRequestSender.InitializeCommunication: initialize communication. 
TpTrace Information: 0 : 23380, 5, 2025/01/06, 17:35:06.033, 28450887884, vstest.console.dll, SocketServer.Start: Listening on endpoint : 127.0.0.1:50399
TpTrace Verbose: 0 : 23380, 5, 2025/01/06, 17:35:06.033, 28450892585, vstest.console.dll, DotnetTestHostmanager.GetTestHostProcessStartInfo: Platform environment 'X64' target architecture 'X64' framework '.NETCoreApp,Version=v8.0' OS 'Windows'
TpTrace Verbose: 0 : 23380, 5, 2025/01/06, 17:35:06.033, 28450894031, vstest.console.dll, DotnetTestHostmanager: Adding  --runtimeconfig "C:\Users\AbdMo\TestsLayers\bin\Debug\net8.0\fine-code-coverage\build-output\TestsLayers.runtimeconfig.json" in args
TpTrace Verbose: 0 : 23380, 5, 2025/01/06, 17:35:06.033, 28450894528, vstest.console.dll, DotnetTestHostmanager: Adding  --depsfile "C:\Users\AbdMo\TestsLayers\bin\Debug\net8.0\fine-code-coverage\build-output\TestsLayers.deps.json" in args
TpTrace Verbose: 0 : 23380, 5, 2025/01/06, 17:35:06.033, 28450895608, vstest.console.dll, DotnetTestHostmanager.IsWinOnArm: Current PROCESSOR_ARCHITECTURE from environment variable 'AMD64'
TpTrace Verbose: 0 : 23380, 5, 2025/01/06, 17:35:06.033, 28450895876, vstest.console.dll, DotnetTestHostmanager.IsWinOnArm: Is Windows on ARM 'False'
TpTrace Verbose: 0 : 23380, 5, 2025/01/06, 17:35:06.033, 28450896372, vstest.console.dll, DotnetTestHostManager: testhost.exe found at path: C:\Users\AbdMo\TestsLayers\bin\Debug\net8.0\fine-code-coverage\build-output\testhost.exe
TpTrace Verbose: 0 : 23380, 5, 2025/01/06, 17:35:06.033, 28450896540, vstest.console.dll, DotnetTestHostmanager: Full path of host exe is C:\Users\AbdMo\TestsLayers\bin\Debug\net8.0\fine-code-coverage\build-output\testhost.exe
TpTrace Verbose: 0 : 23380, 5, 2025/01/06, 17:35:06.033, 28450897187, vstest.console.dll, DotnetTestHostmanager.LaunchTestHostAsync: Found 'VSTEST_WINAPPHOST_DOTNET_ROOT' in env variables, value 'C:\Program Files\dotnet', forwarding to 'DOTNET_ROOT'
TpTrace Verbose: 0 : 23380, 5, 2025/01/06, 17:35:06.034, 28450897992, vstest.console.dll, DotnetTestHostManager: Starting process 'C:\Users\AbdMo\TestsLayers\bin\Debug\net8.0\fine-code-coverage\build-output\testhost.exe' with command line ' --runtimeconfig "C:\Users\AbdMo\TestsLayers\bin\Debug\net8.0\fine-code-coverage\build-output\TestsLayers.runtimeconfig.json" --depsfile "C:\Users\AbdMo\TestsLayers\bin\Debug\net8.0\fine-code-coverage\build-output\TestsLayers.deps.json" --port 50399 --endpoint 127.0.0.1:050399 --role client --parentprocessid 23380 --diag "C:\Users\AbdMo\TestsLayers\bin\Debug\net8.0\fine-code-coverage\coverage-tool-output\diagnostics.host.25-01-06_17-35-06_03330_5.log" --tracelevel 4 --datacollectionport 50398 --telemetryoptedin false'
TpTrace Verbose: 0 : 23380, 5, 2025/01/06, 17:35:06.043, 28450993210, vstest.console.dll, MulticastDelegateUtilities.SafeInvoke: HostProviderEvents.OnHostLaunched: Invoking callback 1/2 for Microsoft.VisualStudio.TestPlatform.CrossPlatEngine.Client.ProxyExecutionManagerWithDataCollection., took 0 ms.
TpTrace Verbose: 0 : 23380, 5, 2025/01/06, 17:35:06.043, 28450996657, vstest.console.dll, Test Runtime launched
TpTrace Verbose: 0 : 23380, 5, 2025/01/06, 17:35:06.044, 28450997393, vstest.console.dll, MulticastDelegateUtilities.SafeInvoke: HostProviderEvents.OnHostLaunched: Invoking callback 2/2 for Microsoft.VisualStudio.TestPlatform.CrossPlatEngine.Client.ProxyOperationManager., took 0 ms.
TpTrace Verbose: 0 : 23380, 5, 2025/01/06, 17:35:06.044, 28450998602, vstest.console.dll, TestRequestSender.WaitForRequestHandlerConnection: waiting for connection with timeout: 90000.
TpTrace Verbose: 0 : 23380, 5, 2025/01/06, 17:35:06.169, 28452247636, vstest.console.dll, TestRequestSender.WaitForRequestHandlerConnection: waiting took 124 ms, with timeout 90000 ms, and result 0, which is success.
TpTrace Verbose: 0 : 23380, 12, 2025/01/06, 17:35:06.169, 28452247635, vstest.console.dll, MulticastDelegateUtilities.SafeInvoke: SocketServer: ClientConnected: Invoking callback 1/1 for Microsoft.VisualStudio.TestPlatform.CommunicationUtilities.TestRequestSender., took 0 ms.
TpTrace Verbose: 0 : 23380, 12, 2025/01/06, 17:35:06.169, 28452250111, vstest.console.dll, SocketServer.OnClientConnected: Client connected for endPoint: 127.0.0.1:50399, starting MessageLoopAsync:
TpTrace Verbose: 0 : 23380, 5, 2025/01/06, 17:35:06.169, 28452252737, vstest.console.dll, TestRequestSender.CheckVersionWithTestHost: Sending check version message: {"MessageType":"ProtocolVersion","Payload":7}
TpTrace Verbose: 0 : 23380, 12, 2025/01/06, 17:35:06.169, 28452253356, vstest.console.dll, TcpClientExtensions.MessageLoopAsync: Polling on remoteEndPoint: 127.0.0.1:50400 localEndPoint: 127.0.0.1:50399 after 0 ms
TpTrace Verbose: 0 : 23380, 12, 2025/01/06, 17:35:06.233, 28452895510, vstest.console.dll, TcpClientExtensions.MessageLoopAsync: NotifyDataAvailable remoteEndPoint: 127.0.0.1:50400 localEndPoint: 127.0.0.1:50399
TpTrace Verbose: 0 : 23380, 12, 2025/01/06, 17:35:06.233, 28452897310, vstest.console.dll, TestRequestSender.CheckVersionWithTestHost: onMessageReceived received message: (ProtocolVersion) -> {"MessageType":"ProtocolVersion","Payload":7}
TpTrace Verbose: 0 : 23380, 12, 2025/01/06, 17:35:06.234, 28452901373, vstest.console.dll, MulticastDelegateUtilities.SafeInvoke: LengthPrefixCommunicationChannel: MessageReceived: Invoking callback 1/1 for Microsoft.VisualStudio.TestPlatform.CommunicationUtilities.TestRequestSender+<>c__DisplayClass29_0., took 0 ms.
TpTrace Verbose: 0 : 23380, 12, 2025/01/06, 17:35:06.234, 28452901970, vstest.console.dll, TcpClientExtensions.MessageLoopAsync: Polling on remoteEndPoint: 127.0.0.1:50400 localEndPoint: 127.0.0.1:50399 after 64 ms
TpTrace Verbose: 0 : 23380, 5, 2025/01/06, 17:35:06.234, 28452903237, vstest.console.dll, TestPluginCache.GetExtensionPaths: Filtered extension paths: 
TpTrace Verbose: 0 : 23380, 5, 2025/01/06, 17:35:06.234, 28452903753, vstest.console.dll, TestPluginCache.GetExtensionPaths: Added default extension paths: C:\Program Files\dotnet\sdk\9.0.101\Extensions\Microsoft.Diagnostics.NETCore.Client.dll
C:\Program Files\dotnet\sdk\9.0.101\Extensions\Microsoft.TestPlatform.Extensions.BlameDataCollector.dll
C:\Program Files\dotnet\sdk\9.0.101\Extensions\Microsoft.TestPlatform.Extensions.EventLogCollector.dll
C:\Program Files\dotnet\sdk\9.0.101\Extensions\Microsoft.TestPlatform.TestHostRuntimeProvider.dll
C:\Program Files\dotnet\sdk\9.0.101\Extensions\Microsoft.VisualStudio.TestPlatform.Extensions.Html.TestLogger.dll
C:\Program Files\dotnet\sdk\9.0.101\Extensions\Microsoft.VisualStudio.TestPlatform.Extensions.Trx.TestLogger.dll
TpTrace Verbose: 0 : 23380, 5, 2025/01/06, 17:35:06.234, 28452903894, vstest.console.dll, TestPluginCache.GetExtensionPaths: Added unfilterableExtensionPaths: 
TpTrace Verbose: 0 : 23380, 5, 2025/01/06, 17:35:06.236, 28452918622, vstest.console.dll, TestRequestSender.InitializeExecution: Sending initialize execution with message: {"Version":7,"MessageType":"TestExecution.Initialize","Payload":["C:\\Users\\AbdMo\\TestsLayers\\bin\\Debug\\net8.0\\fine-code-coverage\\build-output\\xunit.runner.visualstudio.testadapter.dll"]}
TpTrace Verbose: 0 : 23380, 5, 2025/01/06, 17:35:06.236, 28452920580, vstest.console.dll, ParallelProxyExecutionManager.StartTestRunOnConcurrentManager: Execution starting. Started clients: 1
TpTrace Verbose: 0 : 23380, 5, 2025/01/06, 17:35:06.236, 28452922431, vstest.console.dll, TestRunRequest:SendTestRunMessage: Starting.
TpTrace Verbose: 0 : 23380, 5, 2025/01/06, 17:35:06.236, 28452923374, vstest.console.dll, MulticastDelegateUtilities.SafeInvoke: TestRun.LogMessages: Invoking callback 1/1 for Microsoft.VisualStudio.TestPlatform.CommandLine.TestRunResultAggregator., took 0 ms.
TpTrace Information: 0 : 23380, 5, 2025/01/06, 17:35:06.236, 28452923574, vstest.console.dll, TestRunRequest:SendTestRunMessage: Completed.
TpTrace Verbose: 0 : 23380, 4, 2025/01/06, 17:35:06.236, 28452925148, vstest.console.dll, MulticastDelegateUtilities.SafeInvoke: InternalTestLoggerEvents.SendTestRunMessage: Invoking callback 1/1 for Microsoft.VisualStudio.TestPlatform.CommandLine.Internal.ConsoleLogger., took 0 ms.
TpTrace Warning: 0 : 23380, 5, 2025/01/06, 17:35:06.236, 28452925665, vstest.console.dll, InferRunSettingsHelper.MakeRunsettingsCompatible: Removing the following settings: TargetPlatform from RunSettings file. To use those settings please move to latest version of Microsoft.NET.Test.Sdk
TpTrace Verbose: 0 : 23380, 12, 2025/01/06, 17:35:06.237, 28452930619, vstest.console.dll, TcpClientExtensions.MessageLoopAsync: NotifyDataAvailable remoteEndPoint: 127.0.0.1:50400 localEndPoint: 127.0.0.1:50399
TpTrace Verbose: 0 : 23380, 12, 2025/01/06, 17:35:06.237, 28452932540, vstest.console.dll, TestRequestSender.OnExecutionMessageReceived: Received message: {"Version":7,"MessageType":"TestSession.Message","Payload":{"MessageLevel":0,"Message":"Logging TestHost Diagnostics in file: C:\\Users\\AbdMo\\TestsLayers\\bin\\Debug\\net8.0\\fine-code-coverage\\coverage-tool-output\\diagnostics.host.25-01-06_17-35-06_03330_5.log"}}
TpTrace Verbose: 0 : 23380, 12, 2025/01/06, 17:35:06.238, 28452945999, vstest.console.dll, TestRunRequest:SendTestRunMessage: Starting.
TpTrace Verbose: 0 : 23380, 12, 2025/01/06, 17:35:06.238, 28452946975, vstest.console.dll, MulticastDelegateUtilities.SafeInvoke: TestRun.LogMessages: Invoking callback 1/1 for Microsoft.VisualStudio.TestPlatform.CommandLine.TestRunResultAggregator., took 0 ms.
TpTrace Information: 0 : 23380, 12, 2025/01/06, 17:35:06.238, 28452947176, vstest.console.dll, TestRunRequest:SendTestRunMessage: Completed.
TpTrace Verbose: 0 : 23380, 4, 2025/01/06, 17:35:06.238, 28452947155, vstest.console.dll, MulticastDelegateUtilities.SafeInvoke: InternalTestLoggerEvents.SendTestRunMessage: Invoking callback 1/1 for Microsoft.VisualStudio.TestPlatform.CommandLine.Internal.ConsoleLogger., took 0 ms.
TpTrace Verbose: 0 : 23380, 12, 2025/01/06, 17:35:06.239, 28452947355, vstest.console.dll, MulticastDelegateUtilities.SafeInvoke: LengthPrefixCommunicationChannel: MessageReceived: Invoking callback 1/1 for Microsoft.VisualStudio.TestPlatform.CommunicationUtilities.TestRequestSender+<>c__DisplayClass34_0., took 1 ms.
TpTrace Verbose: 0 : 23380, 12, 2025/01/06, 17:35:06.239, 28452947714, vstest.console.dll, TcpClientExtensions.MessageLoopAsync: Polling on remoteEndPoint: 127.0.0.1:50400 localEndPoint: 127.0.0.1:50399 after 4 ms
TpTrace Verbose: 0 : 23380, 5, 2025/01/06, 17:35:06.240, 28452961841, vstest.console.dll, TestRequestSender.StartTestRun: Sending test run with message: {"Version":7,"MessageType":"TestExecution.StartWithSources","Payload":{"AdapterSourceMap":{"_none_":["C:\\Users\\AbdMo\\TestsLayers\\bin\\Debug\\net8.0\\fine-code-coverage\\build-output\\TestsLayers.dll"]},"RunSettings":"<RunSettings>\r\n  <RunConfiguration>\r\n    <ResultsDirectory>C:\\Users\\AbdMo\\TestsLayers\\bin\\Debug\\net8.0\\fine-code-coverage\\coverage-tool-output</ResultsDirectory>\r\n    <TargetFrameworkVersion>.NETCoreApp,Version=v8.0</TargetFrameworkVersion>\r\n    <DesignMode>False</DesignMode>\r\n    <CollectSourceInformation>False</CollectSourceInformation>\r\n  </RunConfiguration>\r\n  <LoggerRunSettings>\r\n    <Loggers>\r\n      <Logger friendlyName=\"blame\" enabled=\"True\" />\r\n      <Logger friendlyName=\"Console\" uri=\"logger://microsoft/TestPlatform/ConsoleLogger/v1\" assemblyQualifiedName=\"Microsoft.VisualStudio.TestPlatform.CommandLine.Internal.ConsoleLogger, vstest.console, Version=15.0.0.0, Culture=neutral, PublicKeyToken=b03f5f7f11d50a3a\" codeBase=\"C:\\Program Files\\dotnet\\sdk\\9.0.101\\vstest.console.dll\" enabled=\"True\" />\r\n    </Loggers>\r\n  </LoggerRunSettings>\r\n  <DataCollectionRunSettings>\r\n    <DataCollectors>\r\n      <DataCollector friendlyName=\"blame\" enabled=\"True\">\r\n        <Configuration>\r\n          <ResultsDirectory>C:\\Users\\AbdMo\\TestsLayers\\bin\\Debug\\net8.0\\fine-code-coverage\\coverage-tool-output</ResultsDirectory>\r\n        </Configuration>\r\n      </DataCollector>\r\n    </DataCollectors>\r\n  </DataCollectionRunSettings>\r\n</RunSettings>","TestExecutionContext":{"FrequencyOfRunStatsChangeEvent":10,"RunStatsChangeEventTimeout":"00:00:01.5000000","InIsolation":false,"KeepAlive":false,"AreTestCaseLevelEventsRequired":false,"IsDebug":false,"TestCaseFilter":null,"FilterOptions":null},"Package":null}}
TpTrace Verbose: 0 : 23380, 5, 2025/01/06, 17:35:06.240, 28452963516, vstest.console.dll, ParallelProxyExecutionManager.StartTestRunOnConcurrentManager: Execution started. Started clients: 1
TpTrace Verbose: 0 : 23380, 12, 2025/01/06, 17:35:06.319, 28453748104, vstest.console.dll, TcpClientExtensions.MessageLoopAsync: NotifyDataAvailable remoteEndPoint: 127.0.0.1:50400 localEndPoint: 127.0.0.1:50399
TpTrace Verbose: 0 : 23380, 12, 2025/01/06, 17:35:06.319, 28453749212, vstest.console.dll, TestRequestSender.OnExecutionMessageReceived: Received message: {"Version":7,"MessageType":"TestSession.Message","Payload":{"MessageLevel":0,"Message":"[xUnit.net 00:00:00.00] xUnit.net VSTest Adapter v2.8.2+699d445a1a (64-bit .NET 8.0.11)"}}
TpTrace Verbose: 0 : 23380, 12, 2025/01/06, 17:35:06.319, 28453750405, vstest.console.dll, TestRunRequest:SendTestRunMessage: Starting.
TpTrace Verbose: 0 : 23380, 12, 2025/01/06, 17:35:06.319, 28453750750, vstest.console.dll, MulticastDelegateUtilities.SafeInvoke: TestRun.LogMessages: Invoking callback 1/1 for Microsoft.VisualStudio.TestPlatform.CommandLine.TestRunResultAggregator., took 0 ms.
TpTrace Information: 0 : 23380, 12, 2025/01/06, 17:35:06.319, 28453750917, vstest.console.dll, TestRunRequest:SendTestRunMessage: Completed.
TpTrace Verbose: 0 : 23380, 12, 2025/01/06, 17:35:06.319, 28453751044, vstest.console.dll, MulticastDelegateUtilities.SafeInvoke: LengthPrefixCommunicationChannel: MessageReceived: Invoking callback 1/1 for Microsoft.VisualStudio.TestPlatform.CommunicationUtilities.TestRequestSender+<>c__DisplayClass34_0., took 0 ms.
TpTrace Verbose: 0 : 23380, 12, 2025/01/06, 17:35:06.319, 28453751208, vstest.console.dll, TcpClientExtensions.MessageLoopAsync: Polling on remoteEndPoint: 127.0.0.1:50400 localEndPoint: 127.0.0.1:50399 after 80 ms
TpTrace Verbose: 0 : 23380, 4, 2025/01/06, 17:35:06.319, 28453751714, vstest.console.dll, MulticastDelegateUtilities.SafeInvoke: InternalTestLoggerEvents.SendTestRunMessage: Invoking callback 1/1 for Microsoft.VisualStudio.TestPlatform.CommandLine.Internal.ConsoleLogger., took 0 ms.
TpTrace Verbose: 0 : 23380, 12, 2025/01/06, 17:35:07.002, 28460586017, vstest.console.dll, TcpClientExtensions.MessageLoopAsync: NotifyDataAvailable remoteEndPoint: 127.0.0.1:50400 localEndPoint: 127.0.0.1:50399
TpTrace Verbose: 0 : 23380, 12, 2025/01/06, 17:35:07.003, 28460587569, vstest.console.dll, TestRequestSender.OnExecutionMessageReceived: Received message: {"Version":7,"MessageType":"TestSession.Message","Payload":{"MessageLevel":0,"Message":"[xUnit.net 00:00:00.68]   Discovering: TestsLayers"}}
TpTrace Verbose: 0 : 23380, 12, 2025/01/06, 17:35:07.003, 28460588550, vstest.console.dll, TestRunRequest:SendTestRunMessage: Starting.
TpTrace Verbose: 0 : 23380, 12, 2025/01/06, 17:35:07.003, 28460588931, vstest.console.dll, MulticastDelegateUtilities.SafeInvoke: TestRun.LogMessages: Invoking callback 1/1 for Microsoft.VisualStudio.TestPlatform.CommandLine.TestRunResultAggregator., took 0 ms.
TpTrace Information: 0 : 23380, 12, 2025/01/06, 17:35:07.003, 28460589487, vstest.console.dll, TestRunRequest:SendTestRunMessage: Completed.
TpTrace Verbose: 0 : 23380, 12, 2025/01/06, 17:35:07.003, 28460589713, vstest.console.dll, MulticastDelegateUtilities.SafeInvoke: LengthPrefixCommunicationChannel: MessageReceived: Invoking callback 1/1 for Microsoft.VisualStudio.TestPlatform.CommunicationUtilities.TestRequestSender+<>c__DisplayClass34_0., took 0 ms.
TpTrace Verbose: 0 : 23380, 12, 2025/01/06, 17:35:07.003, 28460589910, vstest.console.dll, TcpClientExtensions.MessageLoopAsync: Polling on remoteEndPoint: 127.0.0.1:50400 localEndPoint: 127.0.0.1:50399 after 683 ms
TpTrace Verbose: 0 : 23380, 4, 2025/01/06, 17:35:07.003, 28460590699, vstest.console.dll, MulticastDelegateUtilities.SafeInvoke: InternalTestLoggerEvents.SendTestRunMessage: Invoking callback 1/1 for Microsoft.VisualStudio.TestPlatform.CommandLine.Internal.ConsoleLogger., took 0 ms.
TpTrace Verbose: 0 : 23380, 12, 2025/01/06, 17:35:07.027, 28460836777, vstest.console.dll, TcpClientExtensions.MessageLoopAsync: NotifyDataAvailable remoteEndPoint: 127.0.0.1:50400 localEndPoint: 127.0.0.1:50399
TpTrace Verbose: 0 : 23380, 12, 2025/01/06, 17:35:07.028, 28460838189, vstest.console.dll, TestRequestSender.OnExecutionMessageReceived: Received message: {"Version":7,"MessageType":"TestSession.Message","Payload":{"MessageLevel":0,"Message":"[xUnit.net 00:00:00.71]   Discovered:  TestsLayers"}}
TpTrace Verbose: 0 : 23380, 12, 2025/01/06, 17:35:07.028, 28460839101, vstest.console.dll, TestRunRequest:SendTestRunMessage: Starting.
TpTrace Verbose: 0 : 23380, 12, 2025/01/06, 17:35:07.028, 28460839468, vstest.console.dll, MulticastDelegateUtilities.SafeInvoke: TestRun.LogMessages: Invoking callback 1/1 for Microsoft.VisualStudio.TestPlatform.CommandLine.TestRunResultAggregator., took 0 ms.
TpTrace Information: 0 : 23380, 12, 2025/01/06, 17:35:07.028, 28460839654, vstest.console.dll, TestRunRequest:SendTestRunMessage: Completed.
TpTrace Verbose: 0 : 23380, 12, 2025/01/06, 17:35:07.028, 28460839894, vstest.console.dll, MulticastDelegateUtilities.SafeInvoke: LengthPrefixCommunicationChannel: MessageReceived: Invoking callback 1/1 for Microsoft.VisualStudio.TestPlatform.CommunicationUtilities.TestRequestSender+<>c__DisplayClass34_0., took 0 ms.
TpTrace Verbose: 0 : 23380, 12, 2025/01/06, 17:35:07.028, 28460840113, vstest.console.dll, TcpClientExtensions.MessageLoopAsync: Polling on remoteEndPoint: 127.0.0.1:50400 localEndPoint: 127.0.0.1:50399 after 25 ms
TpTrace Verbose: 0 : 23380, 4, 2025/01/06, 17:35:07.028, 28460840283, vstest.console.dll, MulticastDelegateUtilities.SafeInvoke: InternalTestLoggerEvents.SendTestRunMessage: Invoking callback 1/1 for Microsoft.VisualStudio.TestPlatform.CommandLine.Internal.ConsoleLogger., took 0 ms.
TpTrace Verbose: 0 : 23380, 12, 2025/01/06, 17:35:07.029, 28460855717, vstest.console.dll, TcpClientExtensions.MessageLoopAsync: NotifyDataAvailable remoteEndPoint: 127.0.0.1:50400 localEndPoint: 127.0.0.1:50399
TpTrace Verbose: 0 : 23380, 12, 2025/01/06, 17:35:07.029, 28460856559, vstest.console.dll, TestRequestSender.OnExecutionMessageReceived: Received message: {"Version":7,"MessageType":"TestSession.Message","Payload":{"MessageLevel":0,"Message":"[xUnit.net 00:00:00.71]   Starting:    TestsLayers"}}
TpTrace Verbose: 0 : 23380, 12, 2025/01/06, 17:35:07.029, 28460857243, vstest.console.dll, TestRunRequest:SendTestRunMessage: Starting.
TpTrace Verbose: 0 : 23380, 12, 2025/01/06, 17:35:07.030, 28460857644, vstest.console.dll, MulticastDelegateUtilities.SafeInvoke: TestRun.LogMessages: Invoking callback 1/1 for Microsoft.VisualStudio.TestPlatform.CommandLine.TestRunResultAggregator., took 0 ms.
TpTrace Information: 0 : 23380, 12, 2025/01/06, 17:35:07.030, 28460857832, vstest.console.dll, TestRunRequest:SendTestRunMessage: Completed.
TpTrace Verbose: 0 : 23380, 12, 2025/01/06, 17:35:07.030, 28460857987, vstest.console.dll, MulticastDelegateUtilities.SafeInvoke: LengthPrefixCommunicationChannel: MessageReceived: Invoking callback 1/1 for Microsoft.VisualStudio.TestPlatform.CommunicationUtilities.TestRequestSender+<>c__DisplayClass34_0., took 0 ms.
TpTrace Verbose: 0 : 23380, 4, 2025/01/06, 17:35:07.030, 28460858385, vstest.console.dll, MulticastDelegateUtilities.SafeInvoke: InternalTestLoggerEvents.SendTestRunMessage: Invoking callback 1/1 for Microsoft.VisualStudio.TestPlatform.CommandLine.Internal.ConsoleLogger., took 0 ms.
TpTrace Verbose: 0 : 23380, 12, 2025/01/06, 17:35:07.030, 28460858495, vstest.console.dll, TcpClientExtensions.MessageLoopAsync: Polling on remoteEndPoint: 127.0.0.1:50400 localEndPoint: 127.0.0.1:50399 after 1 ms
TpTrace Verbose: 0 : 23380, 12, 2025/01/06, 17:35:08.030, 28470857598, vstest.console.dll, TcpClientExtensions.MessageLoopAsync: Polling on remoteEndPoint: 127.0.0.1:50400 localEndPoint: 127.0.0.1:50399 after 999 ms
TpTrace Verbose: 0 : 23380, 12, 2025/01/06, 17:35:08.247, 28473035011, vstest.console.dll, TcpClientExtensions.MessageLoopAsync: NotifyDataAvailable remoteEndPoint: 127.0.0.1:50400 localEndPoint: 127.0.0.1:50399
TpTrace Verbose: 0 : 23380, 12, 2025/01/06, 17:35:08.247, 28473036469, vstest.console.dll, TestRequestSender.OnExecutionMessageReceived: Received message: {"Version":7,"MessageType":"TestExecution.StatsChange","Payload":{"NewTestResults":[],"TestRunStatistics":{"ExecutedTests":0,"Stats":{}},"ActiveTests":[{"Id":"58260d36-50fb-36da-4298-acd0c9b81fa0","FullyQualifiedName":"UpdateBookCommandHandlerTests.Handle_ShouldThrowException_WhenBookDoesNotExist","DisplayName":"UpdateBookCommandHandlerTests.Handle_ShouldThrowException_WhenBookDoesNotExist","ExecutorUri":"executor://xunit/VsTestRunner2/netcoreapp","Source":"C:\\Users\\AbdMo\\TestsLayers\\bin\\Debug\\net8.0\\fine-code-coverage\\build-output\\TestsLayers.dll","CodeFilePath":null,"LineNumber":0,"Properties":[]},{"Id":"685d3a7c-bc4a-f802-3804-4e887c8c706c","FullyQualifiedName":"CreateBookCommandHandlerTests.Handle_ShouldReturnBookId_WhenBookIsCreatedSuccessfully","DisplayName":"CreateBookCommandHandlerTests.Handle_ShouldReturnBookId_WhenBookIsCreatedSuccessfully","ExecutorUri":"executor://xunit/VsTestRunner2/netcoreapp","Source":"C:\\Users\\AbdMo\\TestsLayers\\bin\\Debug\\net8.0\\fine-code-coverage\\build-output\\TestsLayers.dll","CodeFilePath":null,"LineNumber":0,"Properties":[]},{"Id":"cc9d2f98-9b15-b1b6-565e-4326da78e040","FullyQualifiedName":"DeleteBookCommandHandlerTests.Handle_ShouldThrowException_WhenBookDoesNotExist","DisplayName":"DeleteBookCommandHandlerTests.Handle_ShouldThrowException_WhenBookDoesNotExist","ExecutorUri":"executor://xunit/VsTestRunner2/netcoreapp","Source":"C:\\Users\\AbdMo\\TestsLayers\\bin\\Debug\\net8.0\\fine-code-coverage\\build-output\\TestsLayers.dll","CodeFilePath":null,"LineNumber":0,"Properties":[]}]}}
TpTrace Verbose: 0 : 23380, 12, 2025/01/06, 17:35:08.255, 28473116231, vstest.console.dll, TestRunRequest:SendTestRunStatsChange: Starting.
TpTrace Verbose: 0 : 23380, 12, 2025/01/06, 17:35:08.256, 28473117497, vstest.console.dll, InProgress is UpdateBookCommandHandlerTests.Handle_ShouldThrowException_WhenBookDoesNotExist
TpTrace Verbose: 0 : 23380, 12, 2025/01/06, 17:35:08.256, 28473117781, vstest.console.dll, InProgress is CreateBookCommandHandlerTests.Handle_ShouldReturnBookId_WhenBookIsCreatedSuccessfully
TpTrace Verbose: 0 : 23380, 12, 2025/01/06, 17:35:08.256, 28473118039, vstest.console.dll, InProgress is DeleteBookCommandHandlerTests.Handle_ShouldThrowException_WhenBookDoesNotExist
TpTrace Verbose: 0 : 23380, 12, 2025/01/06, 17:35:08.256, 28473118553, vstest.console.dll, MulticastDelegateUtilities.SafeInvoke: TestRun.RunStatsChanged: Invoking callbacks was skipped because there are no subscribers.
TpTrace Information: 0 : 23380, 12, 2025/01/06, 17:35:08.256, 28473118706, vstest.console.dll, TestRunRequest:SendTestRunStatsChange: Completed.
TpTrace Verbose: 0 : 23380, 12, 2025/01/06, 17:35:08.256, 28473118865, vstest.console.dll, MulticastDelegateUtilities.SafeInvoke: LengthPrefixCommunicationChannel: MessageReceived: Invoking callback 1/1 for Microsoft.VisualStudio.TestPlatform.CommunicationUtilities.TestRequestSender+<>c__DisplayClass34_0., took 8 ms.
TpTrace Verbose: 0 : 23380, 12, 2025/01/06, 17:35:08.256, 28473119117, vstest.console.dll, TcpClientExtensions.MessageLoopAsync: Polling on remoteEndPoint: 127.0.0.1:50400 localEndPoint: 127.0.0.1:50399 after 225 ms
TpTrace Verbose: 0 : 23380, 12, 2025/01/06, 17:35:08.289, 28473452124, vstest.console.dll, TcpClientExtensions.MessageLoopAsync: NotifyDataAvailable remoteEndPoint: 127.0.0.1:50400 localEndPoint: 127.0.0.1:50399
TpTrace Verbose: 0 : 23380, 12, 2025/01/06, 17:35:08.289, 28473453284, vstest.console.dll, TestRequestSender.OnExecutionMessageReceived: Received message: {"Version":7,"MessageType":"TestSession.Message","Payload":{"MessageLevel":0,"Message":"[xUnit.net 00:00:01.97]   Finished:    TestsLayers"}}
TpTrace Verbose: 0 : 23380, 12, 2025/01/06, 17:35:08.289, 28473454111, vstest.console.dll, TestRunRequest:SendTestRunMessage: Starting.
TpTrace Verbose: 0 : 23380, 12, 2025/01/06, 17:35:08.289, 28473454495, vstest.console.dll, MulticastDelegateUtilities.SafeInvoke: TestRun.LogMessages: Invoking callback 1/1 for Microsoft.VisualStudio.TestPlatform.CommandLine.TestRunResultAggregator., took 0 ms.
TpTrace Information: 0 : 23380, 12, 2025/01/06, 17:35:08.289, 28473454756, vstest.console.dll, TestRunRequest:SendTestRunMessage: Completed.
TpTrace Verbose: 0 : 23380, 12, 2025/01/06, 17:35:08.289, 28473454913, vstest.console.dll, MulticastDelegateUtilities.SafeInvoke: LengthPrefixCommunicationChannel: MessageReceived: Invoking callback 1/1 for Microsoft.VisualStudio.TestPlatform.CommunicationUtilities.TestRequestSender+<>c__DisplayClass34_0., took 0 ms.
TpTrace Verbose: 0 : 23380, 12, 2025/01/06, 17:35:08.289, 28473455144, vstest.console.dll, TcpClientExtensions.MessageLoopAsync: Polling on remoteEndPoint: 127.0.0.1:50400 localEndPoint: 127.0.0.1:50399 after 33 ms
TpTrace Verbose: 0 : 23380, 4, 2025/01/06, 17:35:08.289, 28473455689, vstest.console.dll, MulticastDelegateUtilities.SafeInvoke: InternalTestLoggerEvents.SendTestRunMessage: Invoking callback 1/1 for Microsoft.VisualStudio.TestPlatform.CommandLine.Internal.ConsoleLogger., took 0 ms.
TpTrace Verbose: 0 : 23380, 12, 2025/01/06, 17:35:08.307, 28473633007, vstest.console.dll, TcpClientExtensions.MessageLoopAsync: NotifyDataAvailable remoteEndPoint: 127.0.0.1:50400 localEndPoint: 127.0.0.1:50399
TpTrace Verbose: 0 : 23380, 12, 2025/01/06, 17:35:08.307, 28473634827, vstest.console.dll, TestRequestSender.OnExecutionMessageReceived: Received message: {"Version":7,"MessageType":"TestExecution.Completed","Payload":{"TestRunCompleteArgs":{"TestRunStatistics":{"ExecutedTests":7,"Stats":{"Passed":7}},"IsCanceled":false,"IsAborted":false,"Error":null,"AttachmentSets":[],"InvokedDataCollectors":[],"ElapsedTimeInRunningTests":"00:00:01.9788325","Metrics":{},"DiscoveredExtensions":{"TestDiscoverers":["Xunit.Runner.VisualStudio.VsTestRunner, xunit.runner.visualstudio.testadapter, Version=2.8.2.0, Culture=neutral, PublicKeyToken=null"],"TestExecutors":["executor://xunit/VsTestRunner2/netcoreapp"],"TestExecutors2":[],"TestSettingsProviders":[]}},"LastRunTests":{"NewTestResults":[{"TestCase":{"Id":"685d3a7c-bc4a-f802-3804-4e887c8c706c","FullyQualifiedName":"CreateBookCommandHandlerTests.Handle_ShouldReturnBookId_WhenBookIsCreatedSuccessfully","DisplayName":"CreateBookCommandHandlerTests.Handle_ShouldReturnBookId_WhenBookIsCreatedSuccessfully","ExecutorUri":"executor://xunit/VsTestRunner2/netcoreapp","Source":"C:\\Users\\AbdMo\\TestsLayers\\bin\\Debug\\net8.0\\fine-code-coverage\\build-output\\TestsLayers.dll","CodeFilePath":null,"LineNumber":0,"Properties":[]},"Attachments":[],"Outcome":1,"ErrorMessage":null,"ErrorStackTrace":null,"DisplayName":"CreateBookCommandHandlerTests.Handle_ShouldReturnBookId_WhenBookIsCreatedSuccessfully","Messages":[],"ComputerName":"ABDIRAHMAN","Duration":"00:00:01.2062097","StartTime":"2025-01-06T16:35:08.2665184+00:00","EndTime":"2025-01-06T16:35:08.2665308+00:00","Properties":[]},{"TestCase":{"Id":"cc9d2f98-9b15-b1b6-565e-4326da78e040","FullyQualifiedName":"DeleteBookCommandHandlerTests.Handle_ShouldThrowException_WhenBookDoesNotExist","DisplayName":"DeleteBookCommandHandlerTests.Handle_ShouldThrowException_WhenBookDoesNotExist","ExecutorUri":"executor://xunit/VsTestRunner2/netcoreapp","Source":"C:\\Users\\AbdMo\\TestsLayers\\bin\\Debug\\net8.0\\fine-code-coverage\\build-output\\TestsLayers.dll","CodeFilePath":null,"LineNumber":0,"Properties":[]},"Attachments":[],"Outcome":1,"ErrorMessage":null,"ErrorStackTrace":null,"DisplayName":"DeleteBookCommandHandlerTests.Handle_ShouldThrowException_WhenBookDoesNotExist","Messages":[],"ComputerName":"ABDIRAHMAN","Duration":"00:00:01.2083164","StartTime":"2025-01-06T16:35:08.2782899+00:00","EndTime":"2025-01-06T16:35:08.27829+00:00","Properties":[]},{"TestCase":{"Id":"58260d36-50fb-36da-4298-acd0c9b81fa0","FullyQualifiedName":"UpdateBookCommandHandlerTests.Handle_ShouldThrowException_WhenBookDoesNotExist","DisplayName":"UpdateBookCommandHandlerTests.Handle_ShouldThrowException_WhenBookDoesNotExist","ExecutorUri":"executor://xunit/VsTestRunner2/netcoreapp","Source":"C:\\Users\\AbdMo\\TestsLayers\\bin\\Debug\\net8.0\\fine-code-coverage\\build-output\\TestsLayers.dll","CodeFilePath":null,"LineNumber":0,"Properties":[]},"Attachments":[],"Outcome":1,"ErrorMessage":null,"ErrorStackTrace":null,"DisplayName":"UpdateBookCommandHandlerTests.Handle_ShouldThrowException_WhenBookDoesNotExist","Messages":[],"ComputerName":"ABDIRAHMAN","Duration":"00:00:01.2084199","StartTime":"2025-01-06T16:35:08.2802614+00:00","EndTime":"2025-01-06T16:35:08.2802615+00:00","Properties":[]},{"TestCase":{"Id":"da973029-515a-70a1-e958-cca7bc42f998","FullyQualifiedName":"CreateBookCommandHandlerTests.Handle_ShouldThrowArgumentNullException_WhenCommandIsNull","DisplayName":"CreateBookCommandHandlerTests.Handle_ShouldThrowArgumentNullException_WhenCommandIsNull","ExecutorUri":"executor://xunit/VsTestRunner2/netcoreapp","Source":"C:\\Users\\AbdMo\\TestsLayers\\bin\\Debug\\net8.0\\fine-code-coverage\\build-output\\TestsLayers.dll","CodeFilePath":null,"LineNumber":0,"Properties":[]},"Attachments":[],"Outcome":1,"ErrorMessage":null,"ErrorStackTrace":null,"DisplayName":"CreateBookCommandHandlerTests.Handle_ShouldThrowArgumentNullException_WhenCommandIsNull","Messages":[],"ComputerName":"ABDIRAHMAN","Duration":"00:00:00.0004712","StartTime":"2025-01-06T16:35:08.2832937+00:00","EndTime":"2025-01-06T16:35:08.2832938+00:00","Properties":[]},{"TestCase":{"Id":"5ec63d4c-470f-b25d-a57c-8596367e352b","FullyQualifiedName":"CreateBookCommandHandlerTests.Handle_ShouldCallRepositoryAddAsync_WithCorrectBook","DisplayName":"CreateBookCommandHandlerTests.Handle_ShouldCallRepositoryAddAsync_WithCorrectBook","ExecutorUri":"executor://xunit/VsTestRunner2/netcoreapp","Source":"C:\\Users\\AbdMo\\TestsLayers\\bin\\Debug\\net8.0\\fine-code-coverage\\build-output\\TestsLayers.dll","CodeFilePath":null,"LineNumber":0,"Properties":[]},"Attachments":[],"Outcome":1,"ErrorMessage":null,"ErrorStackTrace":null,"DisplayName":"CreateBookCommandHandlerTests.Handle_ShouldCallRepositoryAddAsync_WithCorrectBook","Messages":[],"ComputerName":"ABDIRAHMAN","Duration":"00:00:00.0017825","StartTime":"2025-01-06T16:35:08.2854121+00:00","EndTime":"2025-01-06T16:35:08.2854122+00:00","Properties":[]},{"TestCase":{"Id":"b9b64092-c8a6-47c2-569c-2252ee8432d6","FullyQualifiedName":"UpdateBookCommandHandlerTests.Handle_ShouldUpdateBook_WhenBookExists","DisplayName":"UpdateBookCommandHandlerTests.Handle_ShouldUpdateBook_WhenBookExists","ExecutorUri":"executor://xunit/VsTestRunner2/netcoreapp","Source":"C:\\Users\\AbdMo\\TestsLayers\\bin\\Debug\\net8.0\\fine-code-coverage\\build-output\\TestsLayers.dll","CodeFilePath":null,"LineNumber":0,"Properties":[]},"Attachments":[],"Outcome":1,"ErrorMessage":null,"ErrorStackTrace":null,"DisplayName":"UpdateBookCommandHandlerTests.Handle_ShouldUpdateBook_WhenBookExists","Messages":[],"ComputerName":"ABDIRAHMAN","Duration":"00:00:00.0022387","StartTime":"2025-01-06T16:35:08.2863372+00:00","EndTime":"2025-01-06T16:35:08.2863373+00:00","Properties":[]},{"TestCase":{"Id":"99e2caa9-b063-78d5-e080-8a932ee47c63","FullyQualifiedName":"DeleteBookCommandHandlerTests.Handle_ShouldDeleteBook_WhenBookExists","DisplayName":"DeleteBookCommandHandlerTests.Handle_ShouldDeleteBook_WhenBookExists","ExecutorUri":"executor://xunit/VsTestRunner2/netcoreapp","Source":"C:\\Users\\AbdMo\\TestsLayers\\bin\\Debug\\net8.0\\fine-code-coverage\\build-output\\TestsLayers.dll","CodeFilePath":null,"LineNumber":0,"Properties":[]},"Attachments":[],"Outcome":1,"ErrorMessage":null,"ErrorStackTrace":null,"DisplayName":"DeleteBookCommandHandlerTests.Handle_ShouldDeleteBook_WhenBookExists","Messages":[],"ComputerName":"ABDIRAHMAN","Duration":"00:00:00.0042586","StartTime":"2025-01-06T16:35:08.2872663+00:00","EndTime":"2025-01-06T16:35:08.2872664+00:00","Properties":[]}],"TestRunStatistics":{"ExecutedTests":7,"Stats":{"Passed":7}},"ActiveTests":[]},"RunAttachments":[],"ExecutorUris":["executor://xunit/VsTestRunner2/netcoreapp"]}}
TpTrace Verbose: 0 : 23380, 12, 2025/01/06, 17:35:08.307, 28473635658, vstest.console.dll, TestRequestSender.EndSession: Sending end session.
TpTrace Verbose: 0 : 23380, 12, 2025/01/06, 17:35:08.307, 28473636752, vstest.console.dll, ProxyOperationManager.Close: waiting for test host to exit for 100 ms
TpTrace Verbose: 0 : 23380, 11, 2025/01/06, 17:35:08.316, 28473722093, vstest.console.dll, TestHostManagerCallbacks.StandardOutputReceivedCallback Test host standard output line: 
TpTrace Warning: 0 : 23380, 9, 2025/01/06, 17:35:08.316, 28473722093, vstest.console.dll, TestHostManagerCallbacks.ErrorReceivedCallback Test host standard error line: 
TpTrace Verbose: 0 : 23380, 9, 2025/01/06, 17:35:08.325, 28473808369, vstest.console.dll, TestHostProvider.ExitCallBack: Host exited starting callback.
TpTrace Information: 0 : 23380, 9, 2025/01/06, 17:35:08.325, 28473809383, vstest.console.dll, TestHostManagerCallbacks.ExitCallBack: Testhost processId: 5904 exited with exitcode: 0 error: ''
TpTrace Verbose: 0 : 23380, 9, 2025/01/06, 17:35:08.325, 28473809601, vstest.console.dll, DotnetTestHostManager.OnHostExited: invoking OnHostExited callback
TpTrace Verbose: 0 : 23380, 9, 2025/01/06, 17:35:08.325, 28473809980, vstest.console.dll, CrossPlatEngine.TestHostManagerHostExited: calling on client process exit callback.
TpTrace Information: 0 : 23380, 9, 2025/01/06, 17:35:08.325, 28473810303, vstest.console.dll, TestRequestSender.OnClientProcessExit: Test host process exited. Standard error: 
TpTrace Information: 0 : 23380, 9, 2025/01/06, 17:35:08.325, 28473810532, vstest.console.dll, SocketServer.Stop: Stop server endPoint: 127.0.0.1:50399
TpTrace Information: 0 : 23380, 12, 2025/01/06, 17:35:08.325, 28473810590, vstest.console.dll, SocketServer.Stop: Stop server endPoint: 127.0.0.1:50399
TpTrace Information: 0 : 23380, 9, 2025/01/06, 17:35:08.325, 28473810672, vstest.console.dll, SocketServer.Stop: Cancellation requested. Stopping message loop.
TpTrace Information: 0 : 23380, 12, 2025/01/06, 17:35:08.325, 28473811101, vstest.console.dll, SocketServer.Stop: Cancellation requested. Stopping message loop.
TpTrace Information: 0 : 23380, 12, 2025/01/06, 17:35:08.325, 28473811523, vstest.console.dll, Closing the connection
TpTrace Verbose: 0 : 23380, 9, 2025/01/06, 17:35:08.325, 28473811768, vstest.console.dll, MulticastDelegateUtilities.SafeInvoke: HostProviderEvents.OnHostExited: Invoking callback 1/1 for Microsoft.VisualStudio.TestPlatform.CrossPlatEngine.Client.ProxyOperationManager., took 0 ms.
TpTrace Verbose: 0 : 23380, 12, 2025/01/06, 17:35:08.325, 28473812972, vstest.console.dll, ProxyDataCollectionManager.InvokeDataCollectionServiceAction: Starting.
TpTrace Information: 0 : 23380, 12, 2025/01/06, 17:35:08.325, 28473813167, vstest.console.dll, ProxyDataCollectionManager.AfterTestRunEnd: Get attachment set and invoked data collectors processId: 19236 port: 50396
TpTrace Verbose: 0 : 23380, 12, 2025/01/06, 17:35:08.325, 28473813426, vstest.console.dll, DataCollectionRequestSender.SendAfterTestRunStartAndGetResult: Send AfterTestRunEnd message with isCancelled: False
TpTrace Verbose: 0 : 23380, 12, 2025/01/06, 17:35:08.329, 28473851932, vstest.console.dll, DataCollectionRequestSender.SendAfterTestRunStartAndGetResult: Received message: (DataCollection.AfterTestRunEndResult) -> {"MessageType":"DataCollection.AfterTestRunEndResult","Payload":{"AttachmentSets":[],"InvokedDataCollectors":[{"Uri":"datacollector://Microsoft/TestPlatform/Extensions/Blame/v1","FriendlyName":"Blame","AssemblyQualifiedName":"Microsoft.TestPlatform.Extensions.BlameDataCollector.BlameCollector, Microsoft.TestPlatform.Extensions.BlameDataCollector, Version=15.0.0.0, Culture=neutral, PublicKeyToken=b03f5f7f11d50a3a","FilePath":"C:\\Program Files\\dotnet\\sdk\\9.0.101\\Extensions\\Microsoft.TestPlatform.Extensions.BlameDataCollector.dll","HasAttachmentProcessor":false}],"Metrics":{}}}
TpTrace Information: 0 : 23380, 12, 2025/01/06, 17:35:08.332, 28473884840, vstest.console.dll, ProxyDataCollectionManager.InvokeDataCollectionServiceAction: Completed.
TpTrace Warning: 0 : 23380, 10, 2025/01/06, 17:35:08.332, 28473885178, vstest.console.dll, DataCollectionLauncher.ErrorReceivedCallback datacollector standard error line: 
TpTrace Information: 0 : 23380, 10, 2025/01/06, 17:35:08.337, 28473935939, vstest.console.dll, DataCollectionLauncher.ExitCallBack: Data collector exited with exitcode: 0 error: ''
TpTrace Verbose: 0 : 23380, 12, 2025/01/06, 17:35:08.358, 28474137789, vstest.console.dll, TestRunRequest:SendTestRunStatsChange: Starting.
TpTrace Verbose: 0 : 23380, 12, 2025/01/06, 17:35:08.358, 28474139459, vstest.console.dll, MulticastDelegateUtilities.SafeInvoke: TestRun.RunStatsChanged: Invoking callbacks was skipped because there are no subscribers.
TpTrace Information: 0 : 23380, 12, 2025/01/06, 17:35:08.358, 28474139794, vstest.console.dll, TestRunRequest:SendTestRunStatsChange: Completed.
TpTrace Verbose: 0 : 23380, 12, 2025/01/06, 17:35:08.358, 28474141401, vstest.console.dll, ParallelProxyExecutionManager: HandlePartialRunComplete: Total workloads = 1, Total started clients = 1 Total completed clients = 1, Run complete = True, Run canceled: False.
TpTrace Verbose: 0 : 23380, 12, 2025/01/06, 17:35:08.358, 28474141600, vstest.console.dll, ParallelProxyExecutionManager: HandlePartialRunComplete: All runs completed stopping all managers.
TpTrace Verbose: 0 : 23380, 12, 2025/01/06, 17:35:08.358, 28474141772, vstest.console.dll, ParallelOperationManager.StopAllManagers: Stopping all managers.
TpTrace Verbose: 0 : 23380, 12, 2025/01/06, 17:35:08.358, 28474141912, vstest.console.dll, ParallelOperationManager.ClearSlots: Clearing all slots. Slots should accept more work: False
TpTrace Verbose: 0 : 23380, 12, 2025/01/06, 17:35:08.358, 28474142090, vstest.console.dll, ParallelOperationManager.SetOccupiedSlotCount: Setting slot counts AvailableSlotCount = 1, OccupiedSlotCount = 0.
TpTrace Verbose: 0 : 23380, 12, 2025/01/06, 17:35:08.358, 28474142247, vstest.console.dll, Occupied slots:

TpTrace Verbose: 0 : 23380, 4, 2025/01/06, 17:35:08.359, 28474149042, vstest.console.dll, MulticastDelegateUtilities.SafeInvoke: InternalTestLoggerEvents.SendTestResult: Invoking callback 1/1 for Microsoft.VisualStudio.TestPlatform.CommandLine.Internal.ConsoleLogger., took 0 ms.
TpTrace Verbose: 0 : 23380, 4, 2025/01/06, 17:35:08.359, 28474151241, vstest.console.dll, MulticastDelegateUtilities.SafeInvoke: InternalTestLoggerEvents.SendTestResult: Invoking callback 1/1 for Microsoft.VisualStudio.TestPlatform.CommandLine.Internal.ConsoleLogger., took 0 ms.
TpTrace Verbose: 0 : 23380, 4, 2025/01/06, 17:35:08.359, 28474151707, vstest.console.dll, MulticastDelegateUtilities.SafeInvoke: InternalTestLoggerEvents.SendTestResult: Invoking callback 1/1 for Microsoft.VisualStudio.TestPlatform.CommandLine.Internal.ConsoleLogger., took 0 ms.
TpTrace Verbose: 0 : 23380, 4, 2025/01/06, 17:35:08.359, 28474151896, vstest.console.dll, MulticastDelegateUtilities.SafeInvoke: InternalTestLoggerEvents.SendTestResult: Invoking callback 1/1 for Microsoft.VisualStudio.TestPlatform.CommandLine.Internal.ConsoleLogger., took 0 ms.
TpTrace Verbose: 0 : 23380, 4, 2025/01/06, 17:35:08.359, 28474152098, vstest.console.dll, MulticastDelegateUtilities.SafeInvoke: InternalTestLoggerEvents.SendTestResult: Invoking callback 1/1 for Microsoft.VisualStudio.TestPlatform.CommandLine.Internal.ConsoleLogger., took 0 ms.
TpTrace Verbose: 0 : 23380, 4, 2025/01/06, 17:35:08.359, 28474152276, vstest.console.dll, MulticastDelegateUtilities.SafeInvoke: InternalTestLoggerEvents.SendTestResult: Invoking callback 1/1 for Microsoft.VisualStudio.TestPlatform.CommandLine.Internal.ConsoleLogger., took 0 ms.
TpTrace Verbose: 0 : 23380, 4, 2025/01/06, 17:35:08.359, 28474152430, vstest.console.dll, MulticastDelegateUtilities.SafeInvoke: InternalTestLoggerEvents.SendTestResult: Invoking callback 1/1 for Microsoft.VisualStudio.TestPlatform.CommandLine.Internal.ConsoleLogger., took 0 ms.
TpTrace Verbose: 0 : 23380, 4, 2025/01/06, 17:35:08.362, 28474186420, vstest.console.dll, MulticastDelegateUtilities.SafeInvoke: InternalTestLoggerEvents.SendTestRunComplete: Invoking callback 1/2 for Microsoft.TestPlatform.Extensions.BlameDataCollector.BlameLogger., took 0 ms.
TpTrace Verbose: 0 : 23380, 4, 2025/01/06, 17:35:08.365, 28474214675, vstest.console.dll, MulticastDelegateUtilities.SafeInvoke: InternalTestLoggerEvents.SendTestRunComplete: Invoking callback 2/2 for Microsoft.VisualStudio.TestPlatform.CommandLine.Internal.ConsoleLogger., took 2 ms.
TpTrace Verbose: 0 : 23380, 12, 2025/01/06, 17:35:08.365, 28474216273, vstest.console.dll, TestRunRequest:TestRunComplete: Starting. IsAborted:False IsCanceled:False.
TpTrace Verbose: 0 : 23380, 12, 2025/01/06, 17:35:08.366, 28474217657, vstest.console.dll, ParallelOperationManager.DoActionOnAllManagers: Calling an action on all managers.
TpTrace Verbose: 0 : 23380, 12, 2025/01/06, 17:35:08.366, 28474222376, vstest.console.dll, TestLoggerManager.HandleTestRunComplete: Ignoring as the object is disposed.
TpTrace Verbose: 0 : 23380, 12, 2025/01/06, 17:35:08.366, 28474223534, vstest.console.dll, MulticastDelegateUtilities.SafeInvoke: TestRun.TestRunComplete: Invoking callback 1/2 for Microsoft.VisualStudio.TestPlatform.CommandLine.TestRunResultAggregator., took 0 ms.
TpTrace Verbose: 0 : 23380, 12, 2025/01/06, 17:35:08.366, 28474224194, vstest.console.dll, MulticastDelegateUtilities.SafeInvoke: TestRun.TestRunComplete: Invoking callback 2/2 for Microsoft.VisualStudio.TestPlatform.CommandLine.Processors.RunTestsArgumentExecutor+TestRunRequestEventsRegistrar., took 0 ms.
TpTrace Information: 0 : 23380, 12, 2025/01/06, 17:35:08.366, 28474224715, vstest.console.dll, TestRunRequest:TestRunComplete: Completed.
TpTrace Verbose: 0 : 23380, 12, 2025/01/06, 17:35:08.366, 28474224943, vstest.console.dll, TestRequestSender.SetOperationComplete: Setting operation complete.
TpTrace Information: 0 : 23380, 12, 2025/01/06, 17:35:08.366, 28474225130, vstest.console.dll, SocketServer.Stop: Stop server endPoint: 127.0.0.1:50399
TpTrace Information: 0 : 23380, 12, 2025/01/06, 17:35:08.366, 28474225301, vstest.console.dll, SocketServer.Stop: Cancellation requested. Stopping message loop.
TpTrace Verbose: 0 : 23380, 1, 2025/01/06, 17:35:08.366, 28474225256, vstest.console.dll, TestRunRequest.Dispose: Starting.
TpTrace Verbose: 0 : 23380, 12, 2025/01/06, 17:35:08.366, 28474225487, vstest.console.dll, MulticastDelegateUtilities.SafeInvoke: LengthPrefixCommunicationChannel: MessageReceived: Invoking callback 1/1 for Microsoft.VisualStudio.TestPlatform.CommunicationUtilities.TestRequestSender+<>c__DisplayClass34_0., took 59 ms.
TpTrace Information: 0 : 23380, 12, 2025/01/06, 17:35:08.366, 28474225826, vstest.console.dll, SocketServer.PrivateStop: Stopping server endPoint: 127.0.0.1:50399 error: 
TpTrace Information: 0 : 23380, 1, 2025/01/06, 17:35:08.366, 28474225871, vstest.console.dll, TestRunRequest.Dispose: Completed.
TpTrace Information: 0 : 23380, 1, 2025/01/06, 17:35:08.366, 28474226262, vstest.console.dll, TestRequestManager.RunTests: run tests completed.
TpTrace Information: 0 : 23380, 1, 2025/01/06, 17:35:08.366, 28474226767, vstest.console.dll, RunTestsArgumentProcessor:Execute: Test run is completed.
TpTrace Verbose: 0 : 23380, 1, 2025/01/06, 17:35:08.367, 28474227887, vstest.console.dll, Executor.Execute: Exiting with exit code of 0
TpTrace Verbose: 0 : 23380, 12, 2025/01/06, 17:35:08.367, 28474228487, vstest.console.dll, LengthPrefixCommunicationChannel.Dispose: Dispose reader and writer.
TpTrace Information: 0 : 23380, 12, 2025/01/06, 17:35:08.367, 28474228980, vstest.console.dll, SocketServer.Stop: Raise disconnected event endPoint: 127.0.0.1:50399 error: 
TpTrace Verbose: 0 : 23380, 12, 2025/01/06, 17:35:08.367, 28474229336, vstest.console.dll, TestRequestSender: OnTestRunAbort: Operation is already complete. Skip error message.
TpTrace Verbose: 0 : 23380, 12, 2025/01/06, 17:35:08.367, 28474229511, vstest.console.dll, MulticastDelegateUtilities.SafeInvoke: SocketServer: ClientDisconnected: Invoking callback 1/1 for Microsoft.VisualStudio.TestPlatform.CommunicationUtilities.TestRequestSender., took 0 ms.
TpTrace Verbose: 0 : 23380, 12, 2025/01/06, 17:35:08.367, 28474229646, vstest.console.dll, TcpClientExtensions.MessageLoopAsync: exiting MessageLoopAsync remoteEndPoint: 127.0.0.1:50400 localEndPoint: 127.0.0.1:50399
